WARNING: An illegal reflective access operation has occurred
WARNING: Illegal reflective access by com.google.inject.internal.cglib.core.$ReflectUtils$1 (file:/usr/share/maven/lib/guice.jar) to method java.lang.ClassLoader.defineClass(java.lang.String,byte[],int,int,java.security.ProtectionDomain)
WARNING: Please consider reporting this to the maintainers of com.google.inject.internal.cglib.core.$ReflectUtils$1
WARNING: Use --illegal-access=warn to enable warnings of further illegal reflective access operations
WARNING: All illegal access operations will be denied in a future release
[INFO] Scanning for projects...
[INFO]                                                                         
[INFO] ------------------------------------------------------------------------
[INFO] Building comment-service 0.0.1-SNAPSHOT
[INFO] ------------------------------------------------------------------------
[INFO] 
[INFO] >>> spring-boot-maven-plugin:2.1.6.RELEASE:run (default-cli) > test-compile @ comment-service >>>
[INFO] 
[INFO] --- jacoco-maven-plugin:0.8.4:prepare-agent (default) @ comment-service ---
[INFO] argLine set to -javaagent:/home/ubuntu/.m2/repository/org/jacoco/org.jacoco.agent/0.8.4/org.jacoco.agent-0.8.4-runtime.jar=destfile=/home/ubuntu/SE231/comment-service/target/jacoco.exec
[INFO] 
[INFO] --- maven-resources-plugin:3.1.0:resources (default-resources) @ comment-service ---
[INFO] Using 'UTF-8' encoding to copy filtered resources.
[INFO] Copying 0 resource
[INFO] Copying 1 resource
[INFO] 
[INFO] --- maven-compiler-plugin:3.8.1:compile (default-compile) @ comment-service ---
[INFO] Nothing to compile - all classes are up to date
[INFO] 
[INFO] --- maven-resources-plugin:3.1.0:testResources (default-testResources) @ comment-service ---
[INFO] Using 'UTF-8' encoding to copy filtered resources.
[INFO] Copying 2 resources
[INFO] 
[INFO] --- maven-compiler-plugin:3.8.1:testCompile (default-testCompile) @ comment-service ---
[INFO] Nothing to compile - all classes are up to date
[INFO] 
[INFO] <<< spring-boot-maven-plugin:2.1.6.RELEASE:run (default-cli) < test-compile @ comment-service <<<
[INFO] 
[INFO] --- spring-boot-maven-plugin:2.1.6.RELEASE:run (default-cli) @ comment-service ---
2019-07-10 13:21:45.268  INFO 28078 --- [           main] trationDelegate$BeanPostProcessorChecker : Bean 'org.springframework.cloud.autoconfigure.ConfigurationPropertiesRebinderAutoConfiguration' of type [org.springframework.cloud.autoconfigure.ConfigurationPropertiesRebinderAutoConfiguration$$EnhancerBySpringCGLIB$$4f7c13b9] is not eligible for getting processed by all BeanPostProcessors (for example: not eligible for auto-proxying)
2019-07-10 13:21:46.997  INFO 28078 --- [           main] o.s.c.n.eureka.InstanceInfoFactory       : Setting initial instance status as: STARTING
2019-07-10 13:21:47.776  INFO 28078 --- [           main] com.netflix.discovery.DiscoveryClient    : Initializing Eureka in region us-east-1
2019-07-10 13:21:49.737  INFO 28078 --- [           main] c.n.d.provider.DiscoveryJerseyProvider   : Using JSON encoding codec LegacyJacksonJson
2019-07-10 13:21:49.738  INFO 28078 --- [           main] c.n.d.provider.DiscoveryJerseyProvider   : Using JSON decoding codec LegacyJacksonJson
2019-07-10 13:21:51.173  INFO 28078 --- [           main] c.n.d.provider.DiscoveryJerseyProvider   : Using XML encoding codec XStreamXml
2019-07-10 13:21:51.173  INFO 28078 --- [           main] c.n.d.provider.DiscoveryJerseyProvider   : Using XML decoding codec XStreamXml
2019-07-10 13:21:53.572  INFO 28078 --- [           main] c.n.d.s.r.aws.ConfigClusterResolver      : Resolving eureka endpoints via configuration
2019-07-10 13:21:53.828  INFO 28078 --- [           main] com.netflix.discovery.DiscoveryClient    : Disable delta property : false
2019-07-10 13:21:53.829  INFO 28078 --- [           main] com.netflix.discovery.DiscoveryClient    : Single vip registry refresh property : null
2019-07-10 13:21:53.829  INFO 28078 --- [           main] com.netflix.discovery.DiscoveryClient    : Force full registry fetch : false
2019-07-10 13:21:53.847  INFO 28078 --- [           main] com.netflix.discovery.DiscoveryClient    : Application is null : false
2019-07-10 13:21:53.847  INFO 28078 --- [           main] com.netflix.discovery.DiscoveryClient    : Registered Applications size is zero : true
2019-07-10 13:21:53.847  INFO 28078 --- [           main] com.netflix.discovery.DiscoveryClient    : Application version is -1: true
2019-07-10 13:21:53.847  INFO 28078 --- [           main] com.netflix.discovery.DiscoveryClient    : Getting all instance registry info from the eureka server
2019-07-10 13:21:56.083  INFO 28078 --- [           main] com.netflix.discovery.DiscoveryClient    : The response status is 200
2019-07-10 13:21:56.121  INFO 28078 --- [           main] com.netflix.discovery.DiscoveryClient    : Not registering with Eureka server per configuration
2019-07-10 13:21:56.141  INFO 28078 --- [           main] com.netflix.discovery.DiscoveryClient    : Discovery Client initialized at timestamp 1562764916139 with initial instances count: 3
2019-07-10 13:21:56.430  INFO 28078 --- [           main] o.s.c.n.e.s.EurekaServiceRegistry        : Registering application UNKNOWN with eureka with status UP

  .   ____          _            __ _ _
 /\\ / ___'_ __ _ _(_)_ __  __ _ \ \ \ \
( ( )\___ | '_ | '_| | '_ \/ _` | \ \ \ \
 \\/  ___)| |_)| | | | | || (_| |  ) ) ) )
  '  |____| .__|_| |_|_| |_\__, | / / / /
 =========|_|==============|___/=/_/_/_/
 :: Spring Boot ::        (v2.1.6.RELEASE)

2019-07-10 13:21:56.905  INFO 28078 --- [           main] c.c.c.ConfigServicePropertySourceLocator : Fetching config from server at : http://10.0.0.55:8888/
2019-07-10 13:21:57.604  INFO 28078 --- [           main] c.c.c.ConfigServicePropertySourceLocator : Located environment: name=comment, mongo, profiles=[default], label=null, version=null, state=null
2019-07-10 13:21:57.604  INFO 28078 --- [           main] b.c.PropertySourceBootstrapConfiguration : Located property source: CompositePropertySource {name='configService', propertySources=[MapPropertySource {name='classpath:/config/mongo.yml'}, MapPropertySource {name='classpath:/config/comment.yml'}]}
2019-07-10 13:21:57.644  INFO 28078 --- [           main] c.s.c.CommentServiceApplication          : No active profile set, falling back to default profiles: default
2019-07-10 13:22:01.213  INFO 28078 --- [           main] .s.d.r.c.RepositoryConfigurationDelegate : Multiple Spring Data modules found, entering strict repository configuration mode!
2019-07-10 13:22:01.214  INFO 28078 --- [           main] .s.d.r.c.RepositoryConfigurationDelegate : Bootstrapping Spring Data repositories in DEFAULT mode.
2019-07-10 13:22:02.387  INFO 28078 --- [           main] .s.d.r.c.RepositoryConfigurationDelegate : Finished Spring Data repository scanning in 1153ms. Found 0 repository interfaces.
2019-07-10 13:22:02.407  INFO 28078 --- [           main] .s.d.r.c.RepositoryConfigurationDelegate : Multiple Spring Data modules found, entering strict repository configuration mode!
2019-07-10 13:22:02.407  INFO 28078 --- [           main] .s.d.r.c.RepositoryConfigurationDelegate : Bootstrapping Spring Data repositories in DEFAULT mode.
2019-07-10 13:22:02.581  INFO 28078 --- [           main] .s.d.r.c.RepositoryConfigurationDelegate : Finished Spring Data repository scanning in 144ms. Found 1 repository interfaces.
2019-07-10 13:22:04.383  INFO 28078 --- [           main] o.s.cloud.context.scope.GenericScope     : BeanFactory id=9f525cd1-70c2-35d9-b696-a2917a3e5f60
2019-07-10 13:22:05.106  INFO 28078 --- [           main] trationDelegate$BeanPostProcessorChecker : Bean 'org.springframework.cloud.autoconfigure.ConfigurationPropertiesRebinderAutoConfiguration' of type [org.springframework.cloud.autoconfigure.ConfigurationPropertiesRebinderAutoConfiguration$$EnhancerBySpringCGLIB$$4f7c13b9] is not eligible for getting processed by all BeanPostProcessors (for example: not eligible for auto-proxying)
2019-07-10 13:22:07.034  INFO 28078 --- [           main] o.s.b.w.embedded.tomcat.TomcatWebServer  : Tomcat initialized with port(s): 0 (http)
2019-07-10 13:22:07.275  INFO 28078 --- [           main] o.apache.catalina.core.StandardService   : Starting service [Tomcat]
2019-07-10 13:22:07.275  INFO 28078 --- [           main] org.apache.catalina.core.StandardEngine  : Starting Servlet engine: [Apache Tomcat/9.0.21]
2019-07-10 13:22:07.922  INFO 28078 --- [           main] o.a.c.c.C.[Tomcat].[localhost].[/]       : Initializing Spring embedded WebApplicationContext
2019-07-10 13:22:07.923  INFO 28078 --- [           main] o.s.web.context.ContextLoader            : Root WebApplicationContext: initialization completed in 10154 ms
2019-07-10 13:22:09.282  INFO 28078 --- [           main] org.mongodb.driver.cluster               : Cluster created with settings {hosts=[localhost:27017], mode=SINGLE, requiredClusterType=UNKNOWN, serverSelectionTimeout='30000 ms', maxWaitQueueSize=500}
2019-07-10 13:22:09.629  INFO 28078 --- [localhost:27017] org.mongodb.driver.connection            : Opened connection [connectionId{localValue:1, serverValue:141}] to localhost:27017
2019-07-10 13:22:09.655  INFO 28078 --- [localhost:27017] org.mongodb.driver.cluster               : Monitor thread successfully connected to server with description ServerDescription{address=localhost:27017, type=STANDALONE, state=CONNECTED, ok=true, version=ServerVersion{versionList=[2, 6, 10]}, minWireVersion=0, maxWireVersion=2, maxDocumentSize=16777216, logicalSessionTimeoutMinutes=null, roundTripTimeNanos=7703467}
2019-07-10 13:22:11.371  INFO 28078 --- [           main] org.mongodb.driver.connection            : Opened connection [connectionId{localValue:2, serverValue:142}] to localhost:27017
2019-07-10 13:22:12.207  WARN 28078 --- [           main] c.n.c.sources.URLConfigurationSource     : No URLs will be polled as dynamic configuration sources.
2019-07-10 13:22:12.208  INFO 28078 --- [           main] c.n.c.sources.URLConfigurationSource     : To enable URLs as dynamic configuration sources, define System property archaius.configurationSource.additionalUrls or make config.properties available on classpath.
2019-07-10 13:22:12.252  WARN 28078 --- [           main] c.n.c.sources.URLConfigurationSource     : No URLs will be polled as dynamic configuration sources.
2019-07-10 13:22:12.252  INFO 28078 --- [           main] c.n.c.sources.URLConfigurationSource     : To enable URLs as dynamic configuration sources, define System property archaius.configurationSource.additionalUrls or make config.properties available on classpath.
2019-07-10 13:22:13.848  INFO 28078 --- [           main] o.s.s.concurrent.ThreadPoolTaskExecutor  : Initializing ExecutorService 'applicationTaskExecutor'
2019-07-10 13:22:15.004  INFO 28078 --- [           main] org.mongodb.driver.cluster               : Cluster created with settings {hosts=[localhost:27017], mode=SINGLE, requiredClusterType=UNKNOWN, serverSelectionTimeout='30000 ms', maxWaitQueueSize=500}
2019-07-10 13:22:15.194  INFO 28078 --- [localhost:27017] org.mongodb.driver.connection            : Opened connection [connectionId{localValue:3, serverValue:146}] to localhost:27017
2019-07-10 13:22:15.195  INFO 28078 --- [localhost:27017] org.mongodb.driver.cluster               : Monitor thread successfully connected to server with description ServerDescription{address=localhost:27017, type=STANDALONE, state=CONNECTED, ok=true, version=ServerVersion{versionList=[2, 6, 10]}, minWireVersion=0, maxWireVersion=2, maxDocumentSize=16777216, logicalSessionTimeoutMinutes=null, roundTripTimeNanos=481861}
2019-07-10 13:22:15.448  INFO 28078 --- [       Thread-5] org.mongodb.driver.connection            : Opened connection [connectionId{localValue:4, serverValue:147}] to localhost:27017
2019-07-10 13:22:17.181  INFO 28078 --- [           main] com.netflix.discovery.DiscoveryClient    : Shutting down DiscoveryClient ...
2019-07-10 13:22:17.342  INFO 28078 --- [           main] com.netflix.discovery.DiscoveryClient    : Completed shut down of DiscoveryClient
2019-07-10 13:22:18.176  INFO 28078 --- [           main] o.s.b.w.embedded.tomcat.TomcatWebServer  : Tomcat started on port(s): 35425 (http) with context path ''
2019-07-10 13:22:18.177  INFO 28078 --- [           main] .s.c.n.e.s.EurekaAutoServiceRegistration : Updating port to 35425
2019-07-10 13:22:18.179  INFO 28078 --- [           main] o.s.c.n.eureka.InstanceInfoFactory       : Setting initial instance status as: STARTING
2019-07-10 13:22:18.215  INFO 28078 --- [           main] com.netflix.discovery.DiscoveryClient    : Initializing Eureka in region us-east-1
2019-07-10 13:22:18.226  INFO 28078 --- [           main] c.n.d.provider.DiscoveryJerseyProvider   : Using JSON encoding codec LegacyJacksonJson
2019-07-10 13:22:18.227  INFO 28078 --- [           main] c.n.d.provider.DiscoveryJerseyProvider   : Using JSON decoding codec LegacyJacksonJson
2019-07-10 13:22:18.227  INFO 28078 --- [           main] c.n.d.provider.DiscoveryJerseyProvider   : Using XML encoding codec XStreamXml
2019-07-10 13:22:18.227  INFO 28078 --- [           main] c.n.d.provider.DiscoveryJerseyProvider   : Using XML decoding codec XStreamXml
2019-07-10 13:22:18.751  INFO 28078 --- [           main] c.n.d.s.r.aws.ConfigClusterResolver      : Resolving eureka endpoints via configuration
2019-07-10 13:22:18.805  INFO 28078 --- [           main] com.netflix.discovery.DiscoveryClient    : Disable delta property : false
2019-07-10 13:22:18.805  INFO 28078 --- [           main] com.netflix.discovery.DiscoveryClient    : Single vip registry refresh property : null
2019-07-10 13:22:18.805  INFO 28078 --- [           main] com.netflix.discovery.DiscoveryClient    : Force full registry fetch : false
2019-07-10 13:22:18.805  INFO 28078 --- [           main] com.netflix.discovery.DiscoveryClient    : Application is null : false
2019-07-10 13:22:18.805  INFO 28078 --- [           main] com.netflix.discovery.DiscoveryClient    : Registered Applications size is zero : true
2019-07-10 13:22:18.805  INFO 28078 --- [           main] com.netflix.discovery.DiscoveryClient    : Application version is -1: true
2019-07-10 13:22:18.805  INFO 28078 --- [           main] com.netflix.discovery.DiscoveryClient    : Getting all instance registry info from the eureka server
2019-07-10 13:22:19.312  INFO 28078 --- [           main] com.netflix.discovery.DiscoveryClient    : The response status is 200
2019-07-10 13:22:19.316  INFO 28078 --- [           main] com.netflix.discovery.DiscoveryClient    : Starting heartbeat executor: renew interval is: 30
2019-07-10 13:22:19.338  INFO 28078 --- [           main] c.n.discovery.InstanceInfoReplicator     : InstanceInfoReplicator onDemand update allowed rate per min is 4
2019-07-10 13:22:19.346  INFO 28078 --- [           main] com.netflix.discovery.DiscoveryClient    : Discovery Client initialized at timestamp 1562764939346 with initial instances count: 4
2019-07-10 13:22:19.347  INFO 28078 --- [           main] o.s.c.n.e.s.EurekaServiceRegistry        : Registering application COMMENT with eureka with status UP
2019-07-10 13:22:19.348  INFO 28078 --- [           main] com.netflix.discovery.DiscoveryClient    : Saw local status change event StatusChangeEvent [timestamp=1562764939348, current=UP, previous=STARTING]
2019-07-10 13:22:19.350  INFO 28078 --- [           main] .s.c.n.e.s.EurekaAutoServiceRegistration : Updating port to 35425
2019-07-10 13:22:19.353  INFO 28078 --- [           main] c.s.c.CommentServiceApplication          : Started CommentServiceApplication in 40.809 seconds (JVM running for 70.603)
2019-07-10 13:22:19.362  INFO 28078 --- [nfoReplicator-0] com.netflix.discovery.DiscoveryClient    : DiscoveryClient_COMMENT/comment:dd72f2b10fa7ff66b0d47896087fe3a9: registering service...
2019-07-10 13:22:19.933  INFO 28078 --- [nfoReplicator-0] com.netflix.discovery.DiscoveryClient    : DiscoveryClient_COMMENT/comment:dd72f2b10fa7ff66b0d47896087fe3a9 - registration status: 204
