WARNING: An illegal reflective access operation has occurred
WARNING: Illegal reflective access by com.google.inject.internal.cglib.core.$ReflectUtils$1 (file:/usr/share/maven/lib/guice.jar) to method java.lang.ClassLoader.defineClass(java.lang.String,byte[],int,int,java.security.ProtectionDomain)
WARNING: Please consider reporting this to the maintainers of com.google.inject.internal.cglib.core.$ReflectUtils$1
WARNING: Use --illegal-access=warn to enable warnings of further illegal reflective access operations
WARNING: All illegal access operations will be denied in a future release
[INFO] Scanning for projects...
[INFO]                                                                         
[INFO] ------------------------------------------------------------------------
[INFO] Building message-service 0.0.1-SNAPSHOT
[INFO] ------------------------------------------------------------------------
[INFO] 
[INFO] >>> spring-boot-maven-plugin:2.1.6.RELEASE:run (default-cli) > test-compile @ message-service >>>
[INFO] 
[INFO] --- jacoco-maven-plugin:0.8.4:prepare-agent (default) @ message-service ---
[INFO] argLine set to -javaagent:/home/ubuntu/.m2/repository/org/jacoco/org.jacoco.agent/0.8.4/org.jacoco.agent-0.8.4-runtime.jar=destfile=/home/ubuntu/SE231/message-service/target/jacoco.exec
[INFO] 
[INFO] --- maven-resources-plugin:3.1.0:resources (default-resources) @ message-service ---
[INFO] Using 'UTF-8' encoding to copy filtered resources.
[INFO] Copying 0 resource
[INFO] Copying 1 resource
[INFO] 
[INFO] --- maven-compiler-plugin:3.8.1:compile (default-compile) @ message-service ---
[INFO] Nothing to compile - all classes are up to date
[INFO] 
[INFO] --- maven-resources-plugin:3.1.0:testResources (default-testResources) @ message-service ---
[INFO] Using 'UTF-8' encoding to copy filtered resources.
[INFO] Copying 2 resources
[INFO] 
[INFO] --- maven-compiler-plugin:3.8.1:testCompile (default-testCompile) @ message-service ---
[INFO] Nothing to compile - all classes are up to date
[INFO] 
[INFO] <<< spring-boot-maven-plugin:2.1.6.RELEASE:run (default-cli) < test-compile @ message-service <<<
[INFO] 
[INFO] --- spring-boot-maven-plugin:2.1.6.RELEASE:run (default-cli) @ message-service ---
2019-07-10 00:13:05.156  INFO 8061 --- [           main] trationDelegate$BeanPostProcessorChecker : Bean 'org.springframework.cloud.autoconfigure.ConfigurationPropertiesRebinderAutoConfiguration' of type [org.springframework.cloud.autoconfigure.ConfigurationPropertiesRebinderAutoConfiguration$$EnhancerBySpringCGLIB$$e058dbf2] is not eligible for getting processed by all BeanPostProcessors (for example: not eligible for auto-proxying)
2019-07-10 00:13:05.284  INFO 8061 --- [           main] o.s.c.n.eureka.InstanceInfoFactory       : Setting initial instance status as: STARTING
2019-07-10 00:13:05.350  INFO 8061 --- [           main] com.netflix.discovery.DiscoveryClient    : Initializing Eureka in region us-east-1
2019-07-10 00:13:05.568  INFO 8061 --- [           main] c.n.d.provider.DiscoveryJerseyProvider   : Using JSON encoding codec LegacyJacksonJson
2019-07-10 00:13:05.568  INFO 8061 --- [           main] c.n.d.provider.DiscoveryJerseyProvider   : Using JSON decoding codec LegacyJacksonJson
2019-07-10 00:13:05.727  INFO 8061 --- [           main] c.n.d.provider.DiscoveryJerseyProvider   : Using XML encoding codec XStreamXml
2019-07-10 00:13:05.727  INFO 8061 --- [           main] c.n.d.provider.DiscoveryJerseyProvider   : Using XML decoding codec XStreamXml
2019-07-10 00:13:05.947  INFO 8061 --- [           main] c.n.d.s.r.aws.ConfigClusterResolver      : Resolving eureka endpoints via configuration
2019-07-10 00:13:05.967  INFO 8061 --- [           main] com.netflix.discovery.DiscoveryClient    : Disable delta property : false
2019-07-10 00:13:05.968  INFO 8061 --- [           main] com.netflix.discovery.DiscoveryClient    : Single vip registry refresh property : null
2019-07-10 00:13:05.968  INFO 8061 --- [           main] com.netflix.discovery.DiscoveryClient    : Force full registry fetch : false
2019-07-10 00:13:05.968  INFO 8061 --- [           main] com.netflix.discovery.DiscoveryClient    : Application is null : false
2019-07-10 00:13:05.968  INFO 8061 --- [           main] com.netflix.discovery.DiscoveryClient    : Registered Applications size is zero : true
2019-07-10 00:13:05.968  INFO 8061 --- [           main] com.netflix.discovery.DiscoveryClient    : Application version is -1: true
2019-07-10 00:13:05.968  INFO 8061 --- [           main] com.netflix.discovery.DiscoveryClient    : Getting all instance registry info from the eureka server
2019-07-10 00:13:06.195  INFO 8061 --- [           main] com.netflix.discovery.DiscoveryClient    : The response status is 200
2019-07-10 00:13:06.198  INFO 8061 --- [           main] com.netflix.discovery.DiscoveryClient    : Not registering with Eureka server per configuration
2019-07-10 00:13:06.204  INFO 8061 --- [           main] com.netflix.discovery.DiscoveryClient    : Discovery Client initialized at timestamp 1562717586203 with initial instances count: 6
2019-07-10 00:13:06.235  INFO 8061 --- [           main] o.s.c.n.e.s.EurekaServiceRegistry        : Registering application UNKNOWN with eureka with status UP

  .   ____          _            __ _ _
 /\\ / ___'_ __ _ _(_)_ __  __ _ \ \ \ \
( ( )\___ | '_ | '_| | '_ \/ _` | \ \ \ \
 \\/  ___)| |_)| | | | | || (_| |  ) ) ) )
  '  |____| .__|_| |_|_| |_\__, | / / / /
 =========|_|==============|___/=/_/_/_/
 :: Spring Boot ::        (v2.1.6.RELEASE)

2019-07-10 00:13:06.301  INFO 8061 --- [           main] c.c.c.ConfigServicePropertySourceLocator : Fetching config from server at : http://10.0.0.55:8888/
2019-07-10 00:13:06.542  INFO 8061 --- [           main] c.c.c.ConfigServicePropertySourceLocator : Located environment: name=message, mongo, mysql, profiles=[default], label=null, version=null, state=null
2019-07-10 00:13:06.542  INFO 8061 --- [           main] b.c.PropertySourceBootstrapConfiguration : Located property source: CompositePropertySource {name='configService', propertySources=[MapPropertySource {name='classpath:/config/mysql.yml'}, MapPropertySource {name='classpath:/config/mongo.yml'}]}
2019-07-10 00:13:06.549  INFO 8061 --- [           main] c.s.m.MessageServiceApplication          : No active profile set, falling back to default profiles: default
2019-07-10 00:13:07.070  INFO 8061 --- [           main] .s.d.r.c.RepositoryConfigurationDelegate : Multiple Spring Data modules found, entering strict repository configuration mode!
2019-07-10 00:13:07.071  INFO 8061 --- [           main] .s.d.r.c.RepositoryConfigurationDelegate : Bootstrapping Spring Data repositories in DEFAULT mode.
2019-07-10 00:13:07.218  INFO 8061 --- [           main] .s.d.r.c.RepositoryConfigurationDelegate : Finished Spring Data repository scanning in 144ms. Found 0 repository interfaces.
2019-07-10 00:13:07.223  INFO 8061 --- [           main] .s.d.r.c.RepositoryConfigurationDelegate : Multiple Spring Data modules found, entering strict repository configuration mode!
2019-07-10 00:13:07.224  INFO 8061 --- [           main] .s.d.r.c.RepositoryConfigurationDelegate : Bootstrapping Spring Data repositories in DEFAULT mode.
2019-07-10 00:13:07.244  INFO 8061 --- [           main] .s.d.r.c.RepositoryConfigurationDelegate : Finished Spring Data repository scanning in 20ms. Found 1 repository interfaces.
2019-07-10 00:13:07.482  INFO 8061 --- [           main] o.s.cloud.context.scope.GenericScope     : BeanFactory id=33bafc4a-42c0-3c53-b692-69c3021bd42c
2019-07-10 00:13:07.506  INFO 8061 --- [           main] trationDelegate$BeanPostProcessorChecker : Bean 'com.se.messageservice.client.FriendClient' of type [org.springframework.cloud.openfeign.FeignClientFactoryBean] is not eligible for getting processed by all BeanPostProcessors (for example: not eligible for auto-proxying)
2019-07-10 00:13:07.600  INFO 8061 --- [           main] trationDelegate$BeanPostProcessorChecker : Bean 'org.springframework.cloud.autoconfigure.ConfigurationPropertiesRebinderAutoConfiguration' of type [org.springframework.cloud.autoconfigure.ConfigurationPropertiesRebinderAutoConfiguration$$EnhancerBySpringCGLIB$$e058dbf2] is not eligible for getting processed by all BeanPostProcessors (for example: not eligible for auto-proxying)
2019-07-10 00:13:07.834  INFO 8061 --- [           main] o.s.b.w.embedded.tomcat.TomcatWebServer  : Tomcat initialized with port(s): 8080 (http)
2019-07-10 00:13:07.871  INFO 8061 --- [           main] o.apache.catalina.core.StandardService   : Starting service [Tomcat]
2019-07-10 00:13:07.871  INFO 8061 --- [           main] org.apache.catalina.core.StandardEngine  : Starting Servlet engine: [Apache Tomcat/9.0.21]
2019-07-10 00:13:07.979  INFO 8061 --- [           main] o.a.c.c.C.[Tomcat].[localhost].[/]       : Initializing Spring embedded WebApplicationContext
2019-07-10 00:13:07.979  INFO 8061 --- [           main] o.s.web.context.ContextLoader            : Root WebApplicationContext: initialization completed in 1409 ms
2019-07-10 00:13:08.200  INFO 8061 --- [           main] org.mongodb.driver.cluster               : Cluster created with settings {hosts=[localhost:27017], mode=SINGLE, requiredClusterType=UNKNOWN, serverSelectionTimeout='30000 ms', maxWaitQueueSize=500}
2019-07-10 00:13:08.349  INFO 8061 --- [localhost:27017] org.mongodb.driver.connection            : Opened connection [connectionId{localValue:1, serverValue:25}] to localhost:27017
2019-07-10 00:13:08.358  INFO 8061 --- [localhost:27017] org.mongodb.driver.cluster               : Monitor thread successfully connected to server with description ServerDescription{address=localhost:27017, type=STANDALONE, state=CONNECTED, ok=true, version=ServerVersion{versionList=[2, 6, 10]}, minWireVersion=0, maxWireVersion=2, maxDocumentSize=16777216, logicalSessionTimeoutMinutes=null, roundTripTimeNanos=2198845}
2019-07-10 00:13:08.756  INFO 8061 --- [           main] org.mongodb.driver.connection            : Opened connection [connectionId{localValue:2, serverValue:26}] to localhost:27017
2019-07-10 00:13:09.134  WARN 8061 --- [           main] o.s.c.n.a.ArchaiusAutoConfiguration      : No spring.application.name found, defaulting to 'application'
2019-07-10 00:13:09.139  WARN 8061 --- [           main] c.n.c.sources.URLConfigurationSource     : No URLs will be polled as dynamic configuration sources.
2019-07-10 00:13:09.139  INFO 8061 --- [           main] c.n.c.sources.URLConfigurationSource     : To enable URLs as dynamic configuration sources, define System property archaius.configurationSource.additionalUrls or make config.properties available on classpath.
2019-07-10 00:13:09.146  WARN 8061 --- [           main] c.n.c.sources.URLConfigurationSource     : No URLs will be polled as dynamic configuration sources.
2019-07-10 00:13:09.146  INFO 8061 --- [           main] c.n.c.sources.URLConfigurationSource     : To enable URLs as dynamic configuration sources, define System property archaius.configurationSource.additionalUrls or make config.properties available on classpath.
2019-07-10 00:13:09.355  INFO 8061 --- [           main] o.s.s.concurrent.ThreadPoolTaskExecutor  : Initializing ExecutorService 'applicationTaskExecutor'
2019-07-10 00:13:09.723  INFO 8061 --- [           main] org.mongodb.driver.cluster               : Cluster created with settings {hosts=[localhost:27017], mode=SINGLE, requiredClusterType=UNKNOWN, serverSelectionTimeout='30000 ms', maxWaitQueueSize=500}
2019-07-10 00:13:09.836  INFO 8061 --- [localhost:27017] org.mongodb.driver.connection            : Opened connection [connectionId{localValue:3, serverValue:27}] to localhost:27017
2019-07-10 00:13:09.846  INFO 8061 --- [localhost:27017] org.mongodb.driver.cluster               : Monitor thread successfully connected to server with description ServerDescription{address=localhost:27017, type=STANDALONE, state=CONNECTED, ok=true, version=ServerVersion{versionList=[2, 6, 10]}, minWireVersion=0, maxWireVersion=2, maxDocumentSize=16777216, logicalSessionTimeoutMinutes=null, roundTripTimeNanos=9578127}
2019-07-10 00:13:09.968  INFO 8061 --- [       Thread-5] org.mongodb.driver.connection            : Opened connection [connectionId{localValue:4, serverValue:28}] to localhost:27017
2019-07-10 00:13:10.435  INFO 8061 --- [           main] com.netflix.discovery.DiscoveryClient    : Shutting down DiscoveryClient ...
2019-07-10 00:13:10.463  INFO 8061 --- [           main] com.netflix.discovery.DiscoveryClient    : Completed shut down of DiscoveryClient
2019-07-10 00:13:10.585  INFO 8061 --- [           main] o.s.c.n.eureka.InstanceInfoFactory       : Setting initial instance status as: STARTING
2019-07-10 00:13:10.589  INFO 8061 --- [           main] com.netflix.discovery.DiscoveryClient    : Initializing Eureka in region us-east-1
2019-07-10 00:13:10.591  INFO 8061 --- [           main] c.n.d.provider.DiscoveryJerseyProvider   : Using JSON encoding codec LegacyJacksonJson
2019-07-10 00:13:10.592  INFO 8061 --- [           main] c.n.d.provider.DiscoveryJerseyProvider   : Using JSON decoding codec LegacyJacksonJson
2019-07-10 00:13:10.592  INFO 8061 --- [           main] c.n.d.provider.DiscoveryJerseyProvider   : Using XML encoding codec XStreamXml
2019-07-10 00:13:10.592  INFO 8061 --- [           main] c.n.d.provider.DiscoveryJerseyProvider   : Using XML decoding codec XStreamXml
2019-07-10 00:13:10.750  INFO 8061 --- [           main] c.n.d.s.r.aws.ConfigClusterResolver      : Resolving eureka endpoints via configuration
2019-07-10 00:13:10.752  INFO 8061 --- [           main] com.netflix.discovery.DiscoveryClient    : Disable delta property : false
2019-07-10 00:13:10.752  INFO 8061 --- [           main] com.netflix.discovery.DiscoveryClient    : Single vip registry refresh property : null
2019-07-10 00:13:10.752  INFO 8061 --- [           main] com.netflix.discovery.DiscoveryClient    : Force full registry fetch : false
2019-07-10 00:13:10.752  INFO 8061 --- [           main] com.netflix.discovery.DiscoveryClient    : Application is null : false
2019-07-10 00:13:10.752  INFO 8061 --- [           main] com.netflix.discovery.DiscoveryClient    : Registered Applications size is zero : true
2019-07-10 00:13:10.752  INFO 8061 --- [           main] com.netflix.discovery.DiscoveryClient    : Application version is -1: true
2019-07-10 00:13:10.752  INFO 8061 --- [           main] com.netflix.discovery.DiscoveryClient    : Getting all instance registry info from the eureka server
2019-07-10 00:13:10.780  INFO 8061 --- [           main] com.netflix.discovery.DiscoveryClient    : The response status is 200
2019-07-10 00:13:10.793  INFO 8061 --- [           main] com.netflix.discovery.DiscoveryClient    : Starting heartbeat executor: renew interval is: 30
2019-07-10 00:13:10.796  INFO 8061 --- [           main] c.n.discovery.InstanceInfoReplicator     : InstanceInfoReplicator onDemand update allowed rate per min is 4
2019-07-10 00:13:10.803  INFO 8061 --- [           main] com.netflix.discovery.DiscoveryClient    : Discovery Client initialized at timestamp 1562717590803 with initial instances count: 6
2019-07-10 00:13:10.804  INFO 8061 --- [           main] o.s.c.n.e.s.EurekaServiceRegistry        : Registering application UNKNOWN with eureka with status UP
2019-07-10 00:13:10.805  INFO 8061 --- [           main] com.netflix.discovery.DiscoveryClient    : Saw local status change event StatusChangeEvent [timestamp=1562717590805, current=UP, previous=STARTING]
2019-07-10 00:13:10.823  INFO 8061 --- [nfoReplicator-0] com.netflix.discovery.DiscoveryClient    : DiscoveryClient_UNKNOWN/10.0.0.55: registering service...
2019-07-10 00:13:10.850 ERROR 8061 --- [           main] org.apache.catalina.util.LifecycleBase   : Failed to start component [Connector[HTTP/1.1-8080]]

org.apache.catalina.LifecycleException: Protocol handler start failed
	at org.apache.catalina.connector.Connector.startInternal(Connector.java:1008) ~[tomcat-embed-core-9.0.21.jar:9.0.21]
	at org.apache.catalina.util.LifecycleBase.start(LifecycleBase.java:183) ~[tomcat-embed-core-9.0.21.jar:9.0.21]
	at org.apache.catalina.core.StandardService.addConnector(StandardService.java:227) ~[tomcat-embed-core-9.0.21.jar:9.0.21]
	at org.springframework.boot.web.embedded.tomcat.TomcatWebServer.addPreviouslyRemovedConnectors(TomcatWebServer.java:263) ~[spring-boot-2.1.6.RELEASE.jar:2.1.6.RELEASE]
	at org.springframework.boot.web.embedded.tomcat.TomcatWebServer.start(TomcatWebServer.java:195) ~[spring-boot-2.1.6.RELEASE.jar:2.1.6.RELEASE]
	at org.springframework.boot.web.servlet.context.ServletWebServerApplicationContext.startWebServer(ServletWebServerApplicationContext.java:296) ~[spring-boot-2.1.6.RELEASE.jar:2.1.6.RELEASE]
	at org.springframework.boot.web.servlet.context.ServletWebServerApplicationContext.finishRefresh(ServletWebServerApplicationContext.java:162) ~[spring-boot-2.1.6.RELEASE.jar:2.1.6.RELEASE]
	at org.springframework.context.support.AbstractApplicationContext.refresh(AbstractApplicationContext.java:552) ~[spring-context-5.1.8.RELEASE.jar:5.1.8.RELEASE]
	at org.springframework.boot.web.servlet.context.ServletWebServerApplicationContext.refresh(ServletWebServerApplicationContext.java:140) ~[spring-boot-2.1.6.RELEASE.jar:2.1.6.RELEASE]
	at org.springframework.boot.SpringApplication.refresh(SpringApplication.java:742) ~[spring-boot-2.1.6.RELEASE.jar:2.1.6.RELEASE]
	at org.springframework.boot.SpringApplication.refreshContext(SpringApplication.java:389) ~[spring-boot-2.1.6.RELEASE.jar:2.1.6.RELEASE]
	at org.springframework.boot.SpringApplication.run(SpringApplication.java:311) ~[spring-boot-2.1.6.RELEASE.jar:2.1.6.RELEASE]
	at org.springframework.boot.SpringApplication.run(SpringApplication.java:1213) ~[spring-boot-2.1.6.RELEASE.jar:2.1.6.RELEASE]
	at org.springframework.boot.SpringApplication.run(SpringApplication.java:1202) ~[spring-boot-2.1.6.RELEASE.jar:2.1.6.RELEASE]
	at com.se.messageservice.MessageServiceApplication.main(MessageServiceApplication.java:15) ~[classes/:na]
	at java.base/jdk.internal.reflect.NativeMethodAccessorImpl.invoke0(Native Method) ~[na:na]
	at java.base/jdk.internal.reflect.NativeMethodAccessorImpl.invoke(NativeMethodAccessorImpl.java:62) ~[na:na]
	at java.base/jdk.internal.reflect.DelegatingMethodAccessorImpl.invoke(DelegatingMethodAccessorImpl.java:43) ~[na:na]
	at java.base/java.lang.reflect.Method.invoke(Method.java:566) ~[na:na]
	at org.springframework.boot.maven.AbstractRunMojo$LaunchRunner.run(AbstractRunMojo.java:542) ~[na:na]
	at java.base/java.lang.Thread.run(Thread.java:834) ~[na:na]
Caused by: java.net.BindException: Address already in use
	at java.base/sun.nio.ch.Net.bind0(Native Method) ~[na:na]
	at java.base/sun.nio.ch.Net.bind(Net.java:461) ~[na:na]
	at java.base/sun.nio.ch.Net.bind(Net.java:453) ~[na:na]
	at java.base/sun.nio.ch.ServerSocketChannelImpl.bind(ServerSocketChannelImpl.java:227) ~[na:na]
	at java.base/sun.nio.ch.ServerSocketAdaptor.bind(ServerSocketAdaptor.java:80) ~[na:na]
	at org.apache.tomcat.util.net.NioEndpoint.initServerSocket(NioEndpoint.java:230) ~[tomcat-embed-core-9.0.21.jar:9.0.21]
	at org.apache.tomcat.util.net.NioEndpoint.bind(NioEndpoint.java:213) ~[tomcat-embed-core-9.0.21.jar:9.0.21]
	at org.apache.tomcat.util.net.AbstractEndpoint.bindWithCleanup(AbstractEndpoint.java:1124) ~[tomcat-embed-core-9.0.21.jar:9.0.21]
	at org.apache.tomcat.util.net.AbstractEndpoint.start(AbstractEndpoint.java:1210) ~[tomcat-embed-core-9.0.21.jar:9.0.21]
	at org.apache.coyote.AbstractProtocol.start(AbstractProtocol.java:585) ~[tomcat-embed-core-9.0.21.jar:9.0.21]
	at org.apache.catalina.connector.Connector.startInternal(Connector.java:1005) ~[tomcat-embed-core-9.0.21.jar:9.0.21]
	... 20 common frames omitted

2019-07-10 00:13:10.862  INFO 8061 --- [           main] o.apache.catalina.core.StandardService   : Stopping service [Tomcat]
2019-07-10 00:13:10.921  INFO 8061 --- [nfoReplicator-0] com.netflix.discovery.DiscoveryClient    : DiscoveryClient_UNKNOWN/10.0.0.55 - registration status: 204
2019-07-10 00:13:10.943  INFO 8061 --- [           main] ConditionEvaluationReportLoggingListener : 

Error starting ApplicationContext. To display the conditions report re-run your application with 'debug' enabled.
2019-07-10 00:13:10.944  INFO 8061 --- [           main] o.s.c.n.e.s.EurekaServiceRegistry        : Unregistering application UNKNOWN with eureka with status DOWN
2019-07-10 00:13:10.944  INFO 8061 --- [           main] o.s.c.n.e.s.EurekaServiceRegistry        : Unregistering application UNKNOWN with eureka with status DOWN
2019-07-10 00:13:10.945  WARN 8061 --- [           main] com.netflix.discovery.DiscoveryClient    : Saw local status change event StatusChangeEvent [timestamp=1562717590944, current=DOWN, previous=UP]
2019-07-10 00:13:10.945  INFO 8061 --- [nfoReplicator-0] com.netflix.discovery.DiscoveryClient    : DiscoveryClient_UNKNOWN/10.0.0.55: registering service...
2019-07-10 00:13:10.952  INFO 8061 --- [nfoReplicator-0] com.netflix.discovery.DiscoveryClient    : DiscoveryClient_UNKNOWN/10.0.0.55 - registration status: 204
2019-07-10 00:13:10.954  INFO 8061 --- [           main] org.mongodb.driver.connection            : Closed connection [connectionId{localValue:4, serverValue:28}] to localhost:27017 because the pool has been closed.
2019-07-10 00:13:10.965  INFO 8061 --- [           main] o.s.s.concurrent.ThreadPoolTaskExecutor  : Shutting down ExecutorService 'applicationTaskExecutor'
2019-07-10 00:13:10.975  INFO 8061 --- [           main] org.mongodb.driver.connection            : Closed connection [connectionId{localValue:2, serverValue:26}] to localhost:27017 because the pool has been closed.
2019-07-10 00:13:10.976  INFO 8061 --- [           main] com.netflix.discovery.DiscoveryClient    : Shutting down DiscoveryClient ...
2019-07-10 00:13:13.977  INFO 8061 --- [           main] com.netflix.discovery.DiscoveryClient    : Unregistering ...
2019-07-10 00:13:14.007  INFO 8061 --- [           main] com.netflix.discovery.DiscoveryClient    : DiscoveryClient_UNKNOWN/10.0.0.55 - deregister  status: 200
2019-07-10 00:13:14.015  INFO 8061 --- [           main] com.netflix.discovery.DiscoveryClient    : Completed shut down of DiscoveryClient
2019-07-10 00:13:14.018 ERROR 8061 --- [           main] o.s.b.d.LoggingFailureAnalysisReporter   : 

***************************
APPLICATION FAILED TO START
***************************

Description:

The Tomcat connector configured to listen on port 8080 failed to start. The port may already be in use or the connector may be misconfigured.

Action:

Verify the connector's configuration, identify and stop any process that's listening on port 8080, or configure this application to listen on another port.

[WARNING] 
java.lang.reflect.InvocationTargetException
	at java.base/jdk.internal.reflect.NativeMethodAccessorImpl.invoke0(Native Method)
	at java.base/jdk.internal.reflect.NativeMethodAccessorImpl.invoke(NativeMethodAccessorImpl.java:62)
	at java.base/jdk.internal.reflect.DelegatingMethodAccessorImpl.invoke(DelegatingMethodAccessorImpl.java:43)
	at java.base/java.lang.reflect.Method.invoke(Method.java:566)
	at org.springframework.boot.maven.AbstractRunMojo$LaunchRunner.run(AbstractRunMojo.java:542)
	at java.base/java.lang.Thread.run(Thread.java:834)
Caused by: org.springframework.boot.web.embedded.tomcat.ConnectorStartFailedException: Connector configured to listen on port 8080 failed to start
	at org.springframework.boot.web.embedded.tomcat.TomcatWebServer.checkConnectorHasStarted(TomcatWebServer.java:228)
	at org.springframework.boot.web.embedded.tomcat.TomcatWebServer.checkThatConnectorsHaveStarted(TomcatWebServer.java:220)
	at org.springframework.boot.web.embedded.tomcat.TomcatWebServer.start(TomcatWebServer.java:200)
	at org.springframework.boot.web.servlet.context.ServletWebServerApplicationContext.startWebServer(ServletWebServerApplicationContext.java:296)
	at org.springframework.boot.web.servlet.context.ServletWebServerApplicationContext.finishRefresh(ServletWebServerApplicationContext.java:162)
	at org.springframework.context.support.AbstractApplicationContext.refresh(AbstractApplicationContext.java:552)
	at org.springframework.boot.web.servlet.context.ServletWebServerApplicationContext.refresh(ServletWebServerApplicationContext.java:140)
	at org.springframework.boot.SpringApplication.refresh(SpringApplication.java:742)
	at org.springframework.boot.SpringApplication.refreshContext(SpringApplication.java:389)
	at org.springframework.boot.SpringApplication.run(SpringApplication.java:311)
	at org.springframework.boot.SpringApplication.run(SpringApplication.java:1213)
	at org.springframework.boot.SpringApplication.run(SpringApplication.java:1202)
	at com.se.messageservice.MessageServiceApplication.main(MessageServiceApplication.java:15)
	... 6 more
[INFO] ------------------------------------------------------------------------
[INFO] BUILD FAILURE
[INFO] ------------------------------------------------------------------------
[INFO] Total time: 13.816 s
[INFO] Finished at: 2019-07-10T00:13:14+00:00
[INFO] Final Memory: 58M/200M
[INFO] ------------------------------------------------------------------------
[ERROR] Failed to execute goal org.springframework.boot:spring-boot-maven-plugin:2.1.6.RELEASE:run (default-cli) on project message-service: An exception occurred while running. null: InvocationTargetException: Connector configured to listen on port 8080 failed to start -> [Help 1]
[ERROR] 
[ERROR] To see the full stack trace of the errors, re-run Maven with the -e switch.
[ERROR] Re-run Maven using the -X switch to enable full debug logging.
[ERROR] 
[ERROR] For more information about the errors and possible solutions, please read the following articles:
[ERROR] [Help 1] http://cwiki.apache.org/confluence/display/MAVEN/MojoExecutionException
