WARNING: An illegal reflective access operation has occurred
WARNING: Illegal reflective access by com.google.inject.internal.cglib.core.$ReflectUtils$1 (file:/usr/share/maven/lib/guice.jar) to method java.lang.ClassLoader.defineClass(java.lang.String,byte[],int,int,java.security.ProtectionDomain)
WARNING: Please consider reporting this to the maintainers of com.google.inject.internal.cglib.core.$ReflectUtils$1
WARNING: Use --illegal-access=warn to enable warnings of further illegal reflective access operations
WARNING: All illegal access operations will be denied in a future release
[INFO] Scanning for projects...
[WARNING] 
[WARNING] Some problems were encountered while building the effective model for com.se:friend-service:jar:0.0.1-SNAPSHOT
[WARNING] 'dependencies.dependency.(groupId:artifactId:type:classifier)' must be unique: org.springframework.cloud:spring-cloud-starter-openfeign:jar -> duplicate declaration of version (?) @ line 58, column 21
[WARNING] 
[WARNING] It is highly recommended to fix these problems because they threaten the stability of your build.
[WARNING] 
[WARNING] For this reason, future Maven versions might no longer support building such malformed projects.
[WARNING] 
[INFO]                                                                         
[INFO] ------------------------------------------------------------------------
[INFO] Building friend-service 0.0.1-SNAPSHOT
[INFO] ------------------------------------------------------------------------
[INFO] 
[INFO] >>> spring-boot-maven-plugin:2.1.6.RELEASE:run (default-cli) > test-compile @ friend-service >>>
[INFO] 
[INFO] --- jacoco-maven-plugin:0.8.4:prepare-agent (default) @ friend-service ---
[INFO] argLine set to -javaagent:/home/ubuntu/.m2/repository/org/jacoco/org.jacoco.agent/0.8.4/org.jacoco.agent-0.8.4-runtime.jar=destfile=/home/ubuntu/SE231/friend-service/target/jacoco.exec
[INFO] 
[INFO] --- maven-resources-plugin:3.1.0:resources (default-resources) @ friend-service ---
[INFO] Using 'UTF-8' encoding to copy filtered resources.
[INFO] Copying 0 resource
[INFO] Copying 1 resource
[INFO] 
[INFO] --- maven-compiler-plugin:3.8.1:compile (default-compile) @ friend-service ---
[INFO] Nothing to compile - all classes are up to date
[INFO] 
[INFO] --- maven-resources-plugin:3.1.0:testResources (default-testResources) @ friend-service ---
[INFO] Using 'UTF-8' encoding to copy filtered resources.
[INFO] Copying 2 resources
[INFO] 
[INFO] --- maven-compiler-plugin:3.8.1:testCompile (default-testCompile) @ friend-service ---
[INFO] Nothing to compile - all classes are up to date
[INFO] 
[INFO] <<< spring-boot-maven-plugin:2.1.6.RELEASE:run (default-cli) < test-compile @ friend-service <<<
[INFO] 
[INFO] --- spring-boot-maven-plugin:2.1.6.RELEASE:run (default-cli) @ friend-service ---
2019-07-10 00:12:37.055  INFO 7800 --- [           main] trationDelegate$BeanPostProcessorChecker : Bean 'org.springframework.cloud.autoconfigure.ConfigurationPropertiesRebinderAutoConfiguration' of type [org.springframework.cloud.autoconfigure.ConfigurationPropertiesRebinderAutoConfiguration$$EnhancerBySpringCGLIB$$e236063f] is not eligible for getting processed by all BeanPostProcessors (for example: not eligible for auto-proxying)
2019-07-10 00:12:37.307  INFO 7800 --- [           main] o.s.c.n.eureka.InstanceInfoFactory       : Setting initial instance status as: STARTING
2019-07-10 00:12:37.383  INFO 7800 --- [           main] com.netflix.discovery.DiscoveryClient    : Initializing Eureka in region us-east-1
2019-07-10 00:12:37.665  INFO 7800 --- [           main] c.n.d.provider.DiscoveryJerseyProvider   : Using JSON encoding codec LegacyJacksonJson
2019-07-10 00:12:37.666  INFO 7800 --- [           main] c.n.d.provider.DiscoveryJerseyProvider   : Using JSON decoding codec LegacyJacksonJson
2019-07-10 00:12:37.844  INFO 7800 --- [           main] c.n.d.provider.DiscoveryJerseyProvider   : Using XML encoding codec XStreamXml
2019-07-10 00:12:37.844  INFO 7800 --- [           main] c.n.d.provider.DiscoveryJerseyProvider   : Using XML decoding codec XStreamXml
2019-07-10 00:12:38.086  INFO 7800 --- [           main] c.n.d.s.r.aws.ConfigClusterResolver      : Resolving eureka endpoints via configuration
2019-07-10 00:12:38.119  INFO 7800 --- [           main] com.netflix.discovery.DiscoveryClient    : Disable delta property : false
2019-07-10 00:12:38.119  INFO 7800 --- [           main] com.netflix.discovery.DiscoveryClient    : Single vip registry refresh property : null
2019-07-10 00:12:38.119  INFO 7800 --- [           main] com.netflix.discovery.DiscoveryClient    : Force full registry fetch : false
2019-07-10 00:12:38.119  INFO 7800 --- [           main] com.netflix.discovery.DiscoveryClient    : Application is null : false
2019-07-10 00:12:38.119  INFO 7800 --- [           main] com.netflix.discovery.DiscoveryClient    : Registered Applications size is zero : true
2019-07-10 00:12:38.119  INFO 7800 --- [           main] com.netflix.discovery.DiscoveryClient    : Application version is -1: true
2019-07-10 00:12:38.119  INFO 7800 --- [           main] com.netflix.discovery.DiscoveryClient    : Getting all instance registry info from the eureka server
2019-07-10 00:12:38.373  INFO 7800 --- [           main] com.netflix.discovery.DiscoveryClient    : The response status is 200
2019-07-10 00:12:38.378  INFO 7800 --- [           main] com.netflix.discovery.DiscoveryClient    : Not registering with Eureka server per configuration
2019-07-10 00:12:38.385  INFO 7800 --- [           main] com.netflix.discovery.DiscoveryClient    : Discovery Client initialized at timestamp 1562717558383 with initial instances count: 5

  .   ____          _            __ _ _
 /\\ / ___'_ __ _ _(_)_ __  __ _ \ \ \ \
( ( )\___ | '_ | '_| | '_ \/ _` | \ \ \ \
 \\/  ___)| |_)| | | | | || (_| |  ) ) ) )
  '  |____| .__|_| |_|_| |_\__, | / / / /
 =========|_|==============|___/=/_/_/_/
 :: Spring Boot ::        (v2.1.6.RELEASE)

2019-07-10 00:12:38.605  INFO 7800 --- [           main] c.c.c.ConfigServicePropertySourceLocator : Fetching config from server at : http://10.0.0.55:8888/
2019-07-10 00:12:38.725  INFO 7800 --- [           main] c.c.c.ConfigServicePropertySourceLocator : Located environment: name=friend, mysql, profiles=[default], label=null, version=null, state=null
2019-07-10 00:12:38.726  INFO 7800 --- [           main] b.c.PropertySourceBootstrapConfiguration : Located property source: CompositePropertySource {name='configService', propertySources=[MapPropertySource {name='classpath:/config/mysql.yml'}]}
2019-07-10 00:12:38.735  INFO 7800 --- [           main] c.s.f.FriendServiceApplication           : No active profile set, falling back to default profiles: default
2019-07-10 00:12:39.580  INFO 7800 --- [           main] .s.d.r.c.RepositoryConfigurationDelegate : Bootstrapping Spring Data repositories in DEFAULT mode.
2019-07-10 00:12:39.657  INFO 7800 --- [           main] .s.d.r.c.RepositoryConfigurationDelegate : Finished Spring Data repository scanning in 71ms. Found 1 repository interfaces.
2019-07-10 00:12:40.059  INFO 7800 --- [           main] o.s.cloud.context.scope.GenericScope     : BeanFactory id=e5a8fb34-c0df-3223-a3b4-b93d3d79f4b5
2019-07-10 00:12:40.109  INFO 7800 --- [           main] trationDelegate$BeanPostProcessorChecker : Bean 'com.se.friendservice.client.UserClient' of type [org.springframework.cloud.openfeign.FeignClientFactoryBean] is not eligible for getting processed by all BeanPostProcessors (for example: not eligible for auto-proxying)
2019-07-10 00:12:40.295  INFO 7800 --- [           main] trationDelegate$BeanPostProcessorChecker : Bean 'org.springframework.transaction.annotation.ProxyTransactionManagementConfiguration' of type [org.springframework.transaction.annotation.ProxyTransactionManagementConfiguration$$EnhancerBySpringCGLIB$$c61c0342] is not eligible for getting processed by all BeanPostProcessors (for example: not eligible for auto-proxying)
2019-07-10 00:12:40.383  INFO 7800 --- [           main] trationDelegate$BeanPostProcessorChecker : Bean 'org.springframework.cloud.autoconfigure.ConfigurationPropertiesRebinderAutoConfiguration' of type [org.springframework.cloud.autoconfigure.ConfigurationPropertiesRebinderAutoConfiguration$$EnhancerBySpringCGLIB$$e236063f] is not eligible for getting processed by all BeanPostProcessors (for example: not eligible for auto-proxying)
2019-07-10 00:12:40.881  INFO 7800 --- [           main] o.s.b.w.embedded.tomcat.TomcatWebServer  : Tomcat initialized with port(s): 8080 (http)
2019-07-10 00:12:40.930  INFO 7800 --- [           main] o.apache.catalina.core.StandardService   : Starting service [Tomcat]
2019-07-10 00:12:40.935  INFO 7800 --- [           main] org.apache.catalina.core.StandardEngine  : Starting Servlet engine: [Apache Tomcat/9.0.21]
2019-07-10 00:12:41.109  INFO 7800 --- [           main] o.a.c.c.C.[Tomcat].[localhost].[/]       : Initializing Spring embedded WebApplicationContext
2019-07-10 00:12:41.113  INFO 7800 --- [           main] o.s.web.context.ContextLoader            : Root WebApplicationContext: initialization completed in 2342 ms
2019-07-10 00:12:41.641  INFO 7800 --- [           main] com.zaxxer.hikari.HikariDataSource       : HikariPool-1 - Starting...
2019-07-10 00:12:41.958  INFO 7800 --- [           main] com.zaxxer.hikari.HikariDataSource       : HikariPool-1 - Start completed.
2019-07-10 00:12:42.083  INFO 7800 --- [           main] o.hibernate.jpa.internal.util.LogHelper  : HHH000204: Processing PersistenceUnitInfo [
	name: default
	...]
2019-07-10 00:12:42.172  INFO 7800 --- [           main] org.hibernate.Version                    : HHH000412: Hibernate Core {5.3.10.Final}
2019-07-10 00:12:42.174  INFO 7800 --- [           main] org.hibernate.cfg.Environment            : HHH000206: hibernate.properties not found
2019-07-10 00:12:42.392  INFO 7800 --- [           main] o.hibernate.annotations.common.Version   : HCANN000001: Hibernate Commons Annotations {5.0.4.Final}
2019-07-10 00:12:42.691  INFO 7800 --- [           main] org.hibernate.dialect.Dialect            : HHH000400: Using dialect: org.hibernate.dialect.MySQL8Dialect
2019-07-10 00:12:44.088  INFO 7800 --- [           main] j.LocalContainerEntityManagerFactoryBean : Initialized JPA EntityManagerFactory for persistence unit 'default'
2019-07-10 00:12:45.124  WARN 7800 --- [           main] o.s.c.n.a.ArchaiusAutoConfiguration      : No spring.application.name found, defaulting to 'application'
2019-07-10 00:12:45.142  WARN 7800 --- [           main] c.n.c.sources.URLConfigurationSource     : No URLs will be polled as dynamic configuration sources.
2019-07-10 00:12:45.143  INFO 7800 --- [           main] c.n.c.sources.URLConfigurationSource     : To enable URLs as dynamic configuration sources, define System property archaius.configurationSource.additionalUrls or make config.properties available on classpath.
2019-07-10 00:12:45.151  WARN 7800 --- [           main] c.n.c.sources.URLConfigurationSource     : No URLs will be polled as dynamic configuration sources.
2019-07-10 00:12:45.151  INFO 7800 --- [           main] c.n.c.sources.URLConfigurationSource     : To enable URLs as dynamic configuration sources, define System property archaius.configurationSource.additionalUrls or make config.properties available on classpath.
2019-07-10 00:12:45.416  INFO 7800 --- [           main] o.s.s.concurrent.ThreadPoolTaskExecutor  : Initializing ExecutorService 'applicationTaskExecutor'
2019-07-10 00:12:45.470  WARN 7800 --- [           main] aWebConfiguration$JpaWebMvcConfiguration : spring.jpa.open-in-view is enabled by default. Therefore, database queries may be performed during view rendering. Explicitly configure spring.jpa.open-in-view to disable this warning
2019-07-10 00:12:46.009  INFO 7800 --- [           main] com.netflix.discovery.DiscoveryClient    : Shutting down DiscoveryClient ...
2019-07-10 00:12:46.052  INFO 7800 --- [           main] com.netflix.discovery.DiscoveryClient    : Completed shut down of DiscoveryClient
2019-07-10 00:12:46.268  INFO 7800 --- [           main] o.s.c.n.eureka.InstanceInfoFactory       : Setting initial instance status as: STARTING
2019-07-10 00:12:46.283  INFO 7800 --- [           main] com.netflix.discovery.DiscoveryClient    : Initializing Eureka in region us-east-1
2019-07-10 00:12:46.286  INFO 7800 --- [           main] c.n.d.provider.DiscoveryJerseyProvider   : Using JSON encoding codec LegacyJacksonJson
2019-07-10 00:12:46.287  INFO 7800 --- [           main] c.n.d.provider.DiscoveryJerseyProvider   : Using JSON decoding codec LegacyJacksonJson
2019-07-10 00:12:46.287  INFO 7800 --- [           main] c.n.d.provider.DiscoveryJerseyProvider   : Using XML encoding codec XStreamXml
2019-07-10 00:12:46.287  INFO 7800 --- [           main] c.n.d.provider.DiscoveryJerseyProvider   : Using XML decoding codec XStreamXml
2019-07-10 00:12:46.461  INFO 7800 --- [           main] c.n.d.s.r.aws.ConfigClusterResolver      : Resolving eureka endpoints via configuration
2019-07-10 00:12:46.469  INFO 7800 --- [           main] com.netflix.discovery.DiscoveryClient    : Disable delta property : false
2019-07-10 00:12:46.469  INFO 7800 --- [           main] com.netflix.discovery.DiscoveryClient    : Single vip registry refresh property : null
2019-07-10 00:12:46.469  INFO 7800 --- [           main] com.netflix.discovery.DiscoveryClient    : Force full registry fetch : false
2019-07-10 00:12:46.469  INFO 7800 --- [           main] com.netflix.discovery.DiscoveryClient    : Application is null : false
2019-07-10 00:12:46.469  INFO 7800 --- [           main] com.netflix.discovery.DiscoveryClient    : Registered Applications size is zero : true
2019-07-10 00:12:46.469  INFO 7800 --- [           main] com.netflix.discovery.DiscoveryClient    : Application version is -1: true
2019-07-10 00:12:46.469  INFO 7800 --- [           main] com.netflix.discovery.DiscoveryClient    : Getting all instance registry info from the eureka server
2019-07-10 00:12:46.484  INFO 7800 --- [           main] com.netflix.discovery.DiscoveryClient    : The response status is 200
2019-07-10 00:12:46.489  INFO 7800 --- [           main] com.netflix.discovery.DiscoveryClient    : Starting heartbeat executor: renew interval is: 30
2019-07-10 00:12:46.502  INFO 7800 --- [           main] c.n.discovery.InstanceInfoReplicator     : InstanceInfoReplicator onDemand update allowed rate per min is 4
2019-07-10 00:12:46.509  INFO 7800 --- [           main] com.netflix.discovery.DiscoveryClient    : Discovery Client initialized at timestamp 1562717566509 with initial instances count: 5
2019-07-10 00:12:46.511  INFO 7800 --- [           main] o.s.c.n.e.s.EurekaServiceRegistry        : Registering application UNKNOWN with eureka with status UP
2019-07-10 00:12:46.512  INFO 7800 --- [           main] com.netflix.discovery.DiscoveryClient    : Saw local status change event StatusChangeEvent [timestamp=1562717566512, current=UP, previous=STARTING]
2019-07-10 00:12:46.518  INFO 7800 --- [nfoReplicator-0] com.netflix.discovery.DiscoveryClient    : DiscoveryClient_UNKNOWN/10.0.0.55: registering service...
2019-07-10 00:12:46.602  INFO 7800 --- [nfoReplicator-0] com.netflix.discovery.DiscoveryClient    : DiscoveryClient_UNKNOWN/10.0.0.55 - registration status: 204
2019-07-10 00:12:46.718  INFO 7800 --- [           main] o.s.b.w.embedded.tomcat.TomcatWebServer  : Tomcat started on port(s): 8080 (http) with context path ''
2019-07-10 00:12:46.719  INFO 7800 --- [           main] .s.c.n.e.s.EurekaAutoServiceRegistration : Updating port to 8080
2019-07-10 00:12:46.733  INFO 7800 --- [           main] c.s.f.FriendServiceApplication           : Started FriendServiceApplication in 11.805 seconds (JVM running for 18.688)
2019-07-10 00:13:16.693  INFO 7800 --- [tbeatExecutor-0] com.netflix.discovery.DiscoveryClient    : DiscoveryClient_UNKNOWN/10.0.0.55 - Re-registering apps/UNKNOWN
2019-07-10 00:13:16.694  INFO 7800 --- [tbeatExecutor-0] com.netflix.discovery.DiscoveryClient    : DiscoveryClient_UNKNOWN/10.0.0.55: registering service...
2019-07-10 00:13:16.699  INFO 7800 --- [tbeatExecutor-0] com.netflix.discovery.DiscoveryClient    : DiscoveryClient_UNKNOWN/10.0.0.55 - registration status: 204
2019-07-10 00:17:46.471  INFO 7800 --- [trap-executor-0] c.n.d.s.r.aws.ConfigClusterResolver      : Resolving eureka endpoints via configuration
2019-07-10 00:22:46.473  INFO 7800 --- [trap-executor-0] c.n.d.s.r.aws.ConfigClusterResolver      : Resolving eureka endpoints via configuration
2019-07-10 00:27:46.475  INFO 7800 --- [trap-executor-0] c.n.d.s.r.aws.ConfigClusterResolver      : Resolving eureka endpoints via configuration
2019-07-10 00:32:46.475  INFO 7800 --- [trap-executor-0] c.n.d.s.r.aws.ConfigClusterResolver      : Resolving eureka endpoints via configuration
