WARNING: An illegal reflective access operation has occurred
WARNING: Illegal reflective access by com.google.inject.internal.cglib.core.$ReflectUtils$1 (file:/usr/share/maven/lib/guice.jar) to method java.lang.ClassLoader.defineClass(java.lang.String,byte[],int,int,java.security.ProtectionDomain)
WARNING: Please consider reporting this to the maintainers of com.google.inject.internal.cglib.core.$ReflectUtils$1
WARNING: Use --illegal-access=warn to enable warnings of further illegal reflective access operations
WARNING: All illegal access operations will be denied in a future release
[INFO] Scanning for projects...
[INFO]                                                                         
[INFO] ------------------------------------------------------------------------
[INFO] Building rating-service 0.0.1-SNAPSHOT
[INFO] ------------------------------------------------------------------------
[INFO] 
[INFO] >>> spring-boot-maven-plugin:2.1.6.RELEASE:run (default-cli) > test-compile @ rating-service >>>
[INFO] 
[INFO] --- jacoco-maven-plugin:0.8.4:prepare-agent (default) @ rating-service ---
[INFO] argLine set to -javaagent:/home/ubuntu/.m2/repository/org/jacoco/org.jacoco.agent/0.8.4/org.jacoco.agent-0.8.4-runtime.jar=destfile=/home/ubuntu/SE231/rating-service/target/jacoco.exec
[INFO] 
[INFO] --- maven-resources-plugin:3.1.0:resources (default-resources) @ rating-service ---
[INFO] Using 'UTF-8' encoding to copy filtered resources.
[INFO] Copying 0 resource
[INFO] Copying 1 resource
[INFO] 
[INFO] --- maven-compiler-plugin:3.8.1:compile (default-compile) @ rating-service ---
[INFO] Nothing to compile - all classes are up to date
[INFO] 
[INFO] --- maven-resources-plugin:3.1.0:testResources (default-testResources) @ rating-service ---
[INFO] Using 'UTF-8' encoding to copy filtered resources.
[INFO] skip non existing resourceDirectory /home/ubuntu/SE231/rating-service/src/test/resources
[INFO] 
[INFO] --- maven-compiler-plugin:3.8.1:testCompile (default-testCompile) @ rating-service ---
[INFO] Nothing to compile - all classes are up to date
[INFO] 
[INFO] <<< spring-boot-maven-plugin:2.1.6.RELEASE:run (default-cli) < test-compile @ rating-service <<<
[INFO] 
[INFO] --- spring-boot-maven-plugin:2.1.6.RELEASE:run (default-cli) @ rating-service ---
2019-07-10 00:12:16.012  INFO 7628 --- [           main] trationDelegate$BeanPostProcessorChecker : Bean 'org.springframework.cloud.autoconfigure.ConfigurationPropertiesRebinderAutoConfiguration' of type [org.springframework.cloud.autoconfigure.ConfigurationPropertiesRebinderAutoConfiguration$$EnhancerBySpringCGLIB$$cc37a8e7] is not eligible for getting processed by all BeanPostProcessors (for example: not eligible for auto-proxying)
2019-07-10 00:12:16.162  INFO 7628 --- [           main] o.s.c.n.eureka.InstanceInfoFactory       : Setting initial instance status as: STARTING
2019-07-10 00:12:16.224  INFO 7628 --- [           main] com.netflix.discovery.DiscoveryClient    : Initializing Eureka in region us-east-1
2019-07-10 00:12:16.429  INFO 7628 --- [           main] c.n.d.provider.DiscoveryJerseyProvider   : Using JSON encoding codec LegacyJacksonJson
2019-07-10 00:12:16.430  INFO 7628 --- [           main] c.n.d.provider.DiscoveryJerseyProvider   : Using JSON decoding codec LegacyJacksonJson
2019-07-10 00:12:16.606  INFO 7628 --- [           main] c.n.d.provider.DiscoveryJerseyProvider   : Using XML encoding codec XStreamXml
2019-07-10 00:12:16.607  INFO 7628 --- [           main] c.n.d.provider.DiscoveryJerseyProvider   : Using XML decoding codec XStreamXml
2019-07-10 00:12:16.807  INFO 7628 --- [           main] c.n.d.s.r.aws.ConfigClusterResolver      : Resolving eureka endpoints via configuration
2019-07-10 00:12:16.835  INFO 7628 --- [           main] com.netflix.discovery.DiscoveryClient    : Disable delta property : false
2019-07-10 00:12:16.942  INFO 7628 --- [           main] com.netflix.discovery.DiscoveryClient    : Single vip registry refresh property : null
2019-07-10 00:12:16.942  INFO 7628 --- [           main] com.netflix.discovery.DiscoveryClient    : Force full registry fetch : false
2019-07-10 00:12:16.942  INFO 7628 --- [           main] com.netflix.discovery.DiscoveryClient    : Application is null : false
2019-07-10 00:12:16.942  INFO 7628 --- [           main] com.netflix.discovery.DiscoveryClient    : Registered Applications size is zero : true
2019-07-10 00:12:16.942  INFO 7628 --- [           main] com.netflix.discovery.DiscoveryClient    : Application version is -1: true
2019-07-10 00:12:16.943  INFO 7628 --- [           main] com.netflix.discovery.DiscoveryClient    : Getting all instance registry info from the eureka server
2019-07-10 00:12:17.184  INFO 7628 --- [           main] com.netflix.discovery.DiscoveryClient    : The response status is 200
2019-07-10 00:12:17.188  INFO 7628 --- [           main] com.netflix.discovery.DiscoveryClient    : Not registering with Eureka server per configuration
2019-07-10 00:12:17.193  INFO 7628 --- [           main] com.netflix.discovery.DiscoveryClient    : Discovery Client initialized at timestamp 1562717537191 with initial instances count: 2

  .   ____          _            __ _ _
 /\\ / ___'_ __ _ _(_)_ __  __ _ \ \ \ \
( ( )\___ | '_ | '_| | '_ \/ _` | \ \ \ \
 \\/  ___)| |_)| | | | | || (_| |  ) ) ) )
  '  |____| .__|_| |_|_| |_\__, | / / / /
 =========|_|==============|___/=/_/_/_/
 :: Spring Boot ::        (v2.1.6.RELEASE)

2019-07-10 00:12:17.355  INFO 7628 --- [           main] c.c.c.ConfigServicePropertySourceLocator : Fetching config from server at : http://10.0.0.55:8888/
2019-07-10 00:12:17.505  INFO 7628 --- [           main] c.c.c.ConfigServicePropertySourceLocator : Located environment: name=rating, mysql, profiles=[default], label=null, version=null, state=null
2019-07-10 00:12:17.506  INFO 7628 --- [           main] b.c.PropertySourceBootstrapConfiguration : Located property source: CompositePropertySource {name='configService', propertySources=[MapPropertySource {name='classpath:/config/mysql.yml'}, MapPropertySource {name='classpath:/config/rating.yml'}]}
2019-07-10 00:12:17.510  INFO 7628 --- [           main] c.s.r.RatingServiceApplication           : No active profile set, falling back to default profiles: default
2019-07-10 00:12:18.162  INFO 7628 --- [           main] .s.d.r.c.RepositoryConfigurationDelegate : Bootstrapping Spring Data repositories in DEFAULT mode.
2019-07-10 00:12:18.229  INFO 7628 --- [           main] .s.d.r.c.RepositoryConfigurationDelegate : Finished Spring Data repository scanning in 61ms. Found 1 repository interfaces.
2019-07-10 00:12:18.637  INFO 7628 --- [           main] o.s.cloud.context.scope.GenericScope     : BeanFactory id=375ad72e-2d5f-3bf3-81b6-83b5d078d5e6
2019-07-10 00:12:18.693  INFO 7628 --- [           main] trationDelegate$BeanPostProcessorChecker : Bean 'com.se.ratingservice.ItemClient' of type [org.springframework.cloud.openfeign.FeignClientFactoryBean] is not eligible for getting processed by all BeanPostProcessors (for example: not eligible for auto-proxying)
2019-07-10 00:12:18.867  INFO 7628 --- [           main] trationDelegate$BeanPostProcessorChecker : Bean 'org.springframework.transaction.annotation.ProxyTransactionManagementConfiguration' of type [org.springframework.transaction.annotation.ProxyTransactionManagementConfiguration$$EnhancerBySpringCGLIB$$b01da5ea] is not eligible for getting processed by all BeanPostProcessors (for example: not eligible for auto-proxying)
2019-07-10 00:12:18.910  INFO 7628 --- [           main] trationDelegate$BeanPostProcessorChecker : Bean 'org.springframework.cloud.autoconfigure.ConfigurationPropertiesRebinderAutoConfiguration' of type [org.springframework.cloud.autoconfigure.ConfigurationPropertiesRebinderAutoConfiguration$$EnhancerBySpringCGLIB$$cc37a8e7] is not eligible for getting processed by all BeanPostProcessors (for example: not eligible for auto-proxying)
2019-07-10 00:12:19.253  INFO 7628 --- [           main] o.s.b.w.embedded.tomcat.TomcatWebServer  : Tomcat initialized with port(s): 0 (http)
2019-07-10 00:12:19.327  INFO 7628 --- [           main] o.apache.catalina.core.StandardService   : Starting service [Tomcat]
2019-07-10 00:12:19.327  INFO 7628 --- [           main] org.apache.catalina.core.StandardEngine  : Starting Servlet engine: [Apache Tomcat/9.0.21]
2019-07-10 00:12:19.514  INFO 7628 --- [           main] o.a.c.c.C.[Tomcat].[localhost].[/]       : Initializing Spring embedded WebApplicationContext
2019-07-10 00:12:19.514  INFO 7628 --- [           main] o.s.web.context.ContextLoader            : Root WebApplicationContext: initialization completed in 1983 ms
2019-07-10 00:12:19.817  INFO 7628 --- [           main] com.zaxxer.hikari.HikariDataSource       : HikariPool-1 - Starting...
2019-07-10 00:12:20.024  INFO 7628 --- [           main] com.zaxxer.hikari.HikariDataSource       : HikariPool-1 - Start completed.
2019-07-10 00:12:20.223  INFO 7628 --- [           main] o.hibernate.jpa.internal.util.LogHelper  : HHH000204: Processing PersistenceUnitInfo [
	name: default
	...]
2019-07-10 00:12:20.403  INFO 7628 --- [           main] org.hibernate.Version                    : HHH000412: Hibernate Core {5.3.10.Final}
2019-07-10 00:12:20.404  INFO 7628 --- [           main] org.hibernate.cfg.Environment            : HHH000206: hibernate.properties not found
2019-07-10 00:12:20.591  INFO 7628 --- [           main] o.hibernate.annotations.common.Version   : HCANN000001: Hibernate Commons Annotations {5.0.4.Final}
2019-07-10 00:12:20.850  INFO 7628 --- [           main] org.hibernate.dialect.Dialect            : HHH000400: Using dialect: org.hibernate.dialect.MySQL8Dialect
2019-07-10 00:12:21.957  INFO 7628 --- [           main] j.LocalContainerEntityManagerFactoryBean : Initialized JPA EntityManagerFactory for persistence unit 'default'
2019-07-10 00:12:22.796  INFO 7628 --- [           main] o.h.h.i.QueryTranslatorFactoryInitiator  : HHH000397: Using ASTQueryTranslatorFactory
2019-07-10 00:12:23.623  WARN 7628 --- [           main] c.n.c.sources.URLConfigurationSource     : No URLs will be polled as dynamic configuration sources.
2019-07-10 00:12:23.623  INFO 7628 --- [           main] c.n.c.sources.URLConfigurationSource     : To enable URLs as dynamic configuration sources, define System property archaius.configurationSource.additionalUrls or make config.properties available on classpath.
2019-07-10 00:12:23.641  WARN 7628 --- [           main] c.n.c.sources.URLConfigurationSource     : No URLs will be polled as dynamic configuration sources.
2019-07-10 00:12:23.641  INFO 7628 --- [           main] c.n.c.sources.URLConfigurationSource     : To enable URLs as dynamic configuration sources, define System property archaius.configurationSource.additionalUrls or make config.properties available on classpath.
2019-07-10 00:12:24.041  INFO 7628 --- [           main] o.s.s.concurrent.ThreadPoolTaskExecutor  : Initializing ExecutorService 'applicationTaskExecutor'
2019-07-10 00:12:24.161  WARN 7628 --- [           main] aWebConfiguration$JpaWebMvcConfiguration : spring.jpa.open-in-view is enabled by default. Therefore, database queries may be performed during view rendering. Explicitly configure spring.jpa.open-in-view to disable this warning
2019-07-10 00:12:24.642  INFO 7628 --- [           main] com.netflix.discovery.DiscoveryClient    : Shutting down DiscoveryClient ...
2019-07-10 00:12:24.675  INFO 7628 --- [           main] com.netflix.discovery.DiscoveryClient    : Completed shut down of DiscoveryClient
2019-07-10 00:12:25.020  INFO 7628 --- [           main] o.s.b.w.embedded.tomcat.TomcatWebServer  : Tomcat started on port(s): 39269 (http) with context path ''
2019-07-10 00:12:25.021  INFO 7628 --- [           main] .s.c.n.e.s.EurekaAutoServiceRegistration : Updating port to 39269
2019-07-10 00:12:25.023  INFO 7628 --- [           main] o.s.c.n.eureka.InstanceInfoFactory       : Setting initial instance status as: STARTING
2019-07-10 00:12:25.028  INFO 7628 --- [           main] com.netflix.discovery.DiscoveryClient    : Initializing Eureka in region us-east-1
2019-07-10 00:12:25.030  INFO 7628 --- [           main] c.n.d.provider.DiscoveryJerseyProvider   : Using JSON encoding codec LegacyJacksonJson
2019-07-10 00:12:25.030  INFO 7628 --- [           main] c.n.d.provider.DiscoveryJerseyProvider   : Using JSON decoding codec LegacyJacksonJson
2019-07-10 00:12:25.030  INFO 7628 --- [           main] c.n.d.provider.DiscoveryJerseyProvider   : Using XML encoding codec XStreamXml
2019-07-10 00:12:25.030  INFO 7628 --- [           main] c.n.d.provider.DiscoveryJerseyProvider   : Using XML decoding codec XStreamXml
2019-07-10 00:12:25.123  INFO 7628 --- [           main] c.n.d.s.r.aws.ConfigClusterResolver      : Resolving eureka endpoints via configuration
2019-07-10 00:12:25.125  INFO 7628 --- [           main] com.netflix.discovery.DiscoveryClient    : Disable delta property : false
2019-07-10 00:12:25.125  INFO 7628 --- [           main] com.netflix.discovery.DiscoveryClient    : Single vip registry refresh property : null
2019-07-10 00:12:25.125  INFO 7628 --- [           main] com.netflix.discovery.DiscoveryClient    : Force full registry fetch : false
2019-07-10 00:12:25.125  INFO 7628 --- [           main] com.netflix.discovery.DiscoveryClient    : Application is null : false
2019-07-10 00:12:25.125  INFO 7628 --- [           main] com.netflix.discovery.DiscoveryClient    : Registered Applications size is zero : true
2019-07-10 00:12:25.125  INFO 7628 --- [           main] com.netflix.discovery.DiscoveryClient    : Application version is -1: true
2019-07-10 00:12:25.125  INFO 7628 --- [           main] com.netflix.discovery.DiscoveryClient    : Getting all instance registry info from the eureka server
2019-07-10 00:12:25.158  INFO 7628 --- [           main] com.netflix.discovery.DiscoveryClient    : The response status is 200
2019-07-10 00:12:25.168  INFO 7628 --- [           main] com.netflix.discovery.DiscoveryClient    : Starting heartbeat executor: renew interval is: 30
2019-07-10 00:12:25.178  INFO 7628 --- [           main] c.n.discovery.InstanceInfoReplicator     : InstanceInfoReplicator onDemand update allowed rate per min is 4
2019-07-10 00:12:25.188  INFO 7628 --- [           main] com.netflix.discovery.DiscoveryClient    : Discovery Client initialized at timestamp 1562717545188 with initial instances count: 2
2019-07-10 00:12:25.189  INFO 7628 --- [           main] o.s.c.n.e.s.EurekaServiceRegistry        : Registering application RATING with eureka with status UP
2019-07-10 00:12:25.190  INFO 7628 --- [           main] com.netflix.discovery.DiscoveryClient    : Saw local status change event StatusChangeEvent [timestamp=1562717545190, current=UP, previous=STARTING]
2019-07-10 00:12:25.195  INFO 7628 --- [nfoReplicator-0] com.netflix.discovery.DiscoveryClient    : DiscoveryClient_RATING/rating:2106eca7d65cd85caa92e76f5bd46b2b: registering service...
2019-07-10 00:12:25.206  INFO 7628 --- [           main] c.s.r.RatingServiceApplication           : Started RatingServiceApplication in 10.313 seconds (JVM running for 17.198)
2019-07-10 00:12:25.258  INFO 7628 --- [nfoReplicator-0] com.netflix.discovery.DiscoveryClient    : DiscoveryClient_RATING/rating:2106eca7d65cd85caa92e76f5bd46b2b - registration status: 204
2019-07-10 00:17:25.157  INFO 7628 --- [trap-executor-0] c.n.d.s.r.aws.ConfigClusterResolver      : Resolving eureka endpoints via configuration
2019-07-10 00:22:25.158  INFO 7628 --- [trap-executor-0] c.n.d.s.r.aws.ConfigClusterResolver      : Resolving eureka endpoints via configuration
2019-07-10 00:27:25.159  INFO 7628 --- [trap-executor-0] c.n.d.s.r.aws.ConfigClusterResolver      : Resolving eureka endpoints via configuration
2019-07-10 00:32:25.160  INFO 7628 --- [trap-executor-0] c.n.d.s.r.aws.ConfigClusterResolver      : Resolving eureka endpoints via configuration
