WARNING: An illegal reflective access operation has occurred
WARNING: Illegal reflective access by com.google.inject.internal.cglib.core.$ReflectUtils$1 (file:/usr/share/maven/lib/guice.jar) to method java.lang.ClassLoader.defineClass(java.lang.String,byte[],int,int,java.security.ProtectionDomain)
WARNING: Please consider reporting this to the maintainers of com.google.inject.internal.cglib.core.$ReflectUtils$1
WARNING: Use --illegal-access=warn to enable warnings of further illegal reflective access operations
WARNING: All illegal access operations will be denied in a future release
[INFO] Scanning for projects...
[INFO]                                                                         
[INFO] ------------------------------------------------------------------------
[INFO] Building activity-service 0.0.1-SNAPSHOT
[INFO] ------------------------------------------------------------------------
[INFO] 
[INFO] >>> spring-boot-maven-plugin:2.1.6.RELEASE:run (default-cli) > test-compile @ activity-service >>>
[INFO] 
[INFO] --- jacoco-maven-plugin:0.8.4:prepare-agent (default) @ activity-service ---
[INFO] argLine set to -javaagent:/home/ubuntu/.m2/repository/org/jacoco/org.jacoco.agent/0.8.4/org.jacoco.agent-0.8.4-runtime.jar=destfile=/home/ubuntu/SE231/activity-service/target/jacoco.exec
[INFO] 
[INFO] --- maven-resources-plugin:3.1.0:resources (default-resources) @ activity-service ---
[INFO] Using 'UTF-8' encoding to copy filtered resources.
[INFO] Copying 0 resource
[INFO] Copying 1 resource
[INFO] 
[INFO] --- maven-compiler-plugin:3.8.1:compile (default-compile) @ activity-service ---
[INFO] Nothing to compile - all classes are up to date
[INFO] 
[INFO] --- maven-resources-plugin:3.1.0:testResources (default-testResources) @ activity-service ---
[INFO] Using 'UTF-8' encoding to copy filtered resources.
[INFO] skip non existing resourceDirectory /home/ubuntu/SE231/activity-service/src/test/resources
[INFO] 
[INFO] --- maven-compiler-plugin:3.8.1:testCompile (default-testCompile) @ activity-service ---
[INFO] Nothing to compile - all classes are up to date
[INFO] 
[INFO] <<< spring-boot-maven-plugin:2.1.6.RELEASE:run (default-cli) < test-compile @ activity-service <<<
[INFO] 
[INFO] --- spring-boot-maven-plugin:2.1.6.RELEASE:run (default-cli) @ activity-service ---
2019-07-10 13:21:03.146  INFO 27859 --- [           main] trationDelegate$BeanPostProcessorChecker : Bean 'org.springframework.cloud.autoconfigure.ConfigurationPropertiesRebinderAutoConfiguration' of type [org.springframework.cloud.autoconfigure.ConfigurationPropertiesRebinderAutoConfiguration$$EnhancerBySpringCGLIB$$f3af7df7] is not eligible for getting processed by all BeanPostProcessors (for example: not eligible for auto-proxying)
2019-07-10 13:21:03.733  INFO 27859 --- [           main] o.s.c.n.eureka.InstanceInfoFactory       : Setting initial instance status as: STARTING
2019-07-10 13:21:04.038  INFO 27859 --- [           main] com.netflix.discovery.DiscoveryClient    : Initializing Eureka in region us-east-1
2019-07-10 13:21:04.924  INFO 27859 --- [           main] c.n.d.provider.DiscoveryJerseyProvider   : Using JSON encoding codec LegacyJacksonJson
2019-07-10 13:21:04.925  INFO 27859 --- [           main] c.n.d.provider.DiscoveryJerseyProvider   : Using JSON decoding codec LegacyJacksonJson
2019-07-10 13:21:05.837  INFO 27859 --- [           main] c.n.d.provider.DiscoveryJerseyProvider   : Using XML encoding codec XStreamXml
2019-07-10 13:21:05.864  INFO 27859 --- [           main] c.n.d.provider.DiscoveryJerseyProvider   : Using XML decoding codec XStreamXml
2019-07-10 13:21:07.068  INFO 27859 --- [           main] c.n.d.s.r.aws.ConfigClusterResolver      : Resolving eureka endpoints via configuration
2019-07-10 13:21:07.150  INFO 27859 --- [           main] com.netflix.discovery.DiscoveryClient    : Disable delta property : false
2019-07-10 13:21:07.151  INFO 27859 --- [           main] com.netflix.discovery.DiscoveryClient    : Single vip registry refresh property : null
2019-07-10 13:21:07.151  INFO 27859 --- [           main] com.netflix.discovery.DiscoveryClient    : Force full registry fetch : false
2019-07-10 13:21:07.151  INFO 27859 --- [           main] com.netflix.discovery.DiscoveryClient    : Application is null : false
2019-07-10 13:21:07.151  INFO 27859 --- [           main] com.netflix.discovery.DiscoveryClient    : Registered Applications size is zero : true
2019-07-10 13:21:07.151  INFO 27859 --- [           main] com.netflix.discovery.DiscoveryClient    : Application version is -1: true
2019-07-10 13:21:07.151  INFO 27859 --- [           main] com.netflix.discovery.DiscoveryClient    : Getting all instance registry info from the eureka server
2019-07-10 13:21:08.501  INFO 27859 --- [           main] com.netflix.discovery.DiscoveryClient    : The response status is 200
2019-07-10 13:21:08.538  INFO 27859 --- [           main] com.netflix.discovery.DiscoveryClient    : Not registering with Eureka server per configuration
2019-07-10 13:21:08.577  INFO 27859 --- [           main] com.netflix.discovery.DiscoveryClient    : Discovery Client initialized at timestamp 1562764868563 with initial instances count: 2

  .   ____          _            __ _ _
 /\\ / ___'_ __ _ _(_)_ __  __ _ \ \ \ \
( ( )\___ | '_ | '_| | '_ \/ _` | \ \ \ \
 \\/  ___)| |_)| | | | | || (_| |  ) ) ) )
  '  |____| .__|_| |_|_| |_\__, | / / / /
 =========|_|==============|___/=/_/_/_/
 :: Spring Boot ::        (v2.1.6.RELEASE)

2019-07-10 13:21:09.065  INFO 27859 --- [           main] c.c.c.ConfigServicePropertySourceLocator : Fetching config from server at : http://10.0.0.55:8888/
2019-07-10 13:21:09.627  INFO 27859 --- [           main] c.c.c.ConfigServicePropertySourceLocator : Located environment: name=activity, mysql, profiles=[default], label=null, version=null, state=null
2019-07-10 13:21:09.627  INFO 27859 --- [           main] b.c.PropertySourceBootstrapConfiguration : Located property source: CompositePropertySource {name='configService', propertySources=[MapPropertySource {name='classpath:/config/mysql.yml'}, MapPropertySource {name='classpath:/config/activity.yml'}]}
2019-07-10 13:21:09.632  INFO 27859 --- [           main] c.s.a.ActivityServiceApplication         : No active profile set, falling back to default profiles: default
2019-07-10 13:21:12.997  INFO 27859 --- [           main] .s.d.r.c.RepositoryConfigurationDelegate : Bootstrapping Spring Data repositories in DEFAULT mode.
2019-07-10 13:21:13.401  INFO 27859 --- [           main] .s.d.r.c.RepositoryConfigurationDelegate : Finished Spring Data repository scanning in 359ms. Found 1 repository interfaces.
2019-07-10 13:21:15.416  INFO 27859 --- [           main] o.s.cloud.context.scope.GenericScope     : BeanFactory id=b39d7b97-8b56-3b51-ae33-53ad9205b829
2019-07-10 13:21:15.594  INFO 27859 --- [           main] trationDelegate$BeanPostProcessorChecker : Bean 'com.se.activityservice.client.ItemClient' of type [org.springframework.cloud.openfeign.FeignClientFactoryBean] is not eligible for getting processed by all BeanPostProcessors (for example: not eligible for auto-proxying)
2019-07-10 13:21:15.597  INFO 27859 --- [           main] trationDelegate$BeanPostProcessorChecker : Bean 'com.se.activityservice.client.UserClient' of type [org.springframework.cloud.openfeign.FeignClientFactoryBean] is not eligible for getting processed by all BeanPostProcessors (for example: not eligible for auto-proxying)
2019-07-10 13:21:16.347  INFO 27859 --- [           main] trationDelegate$BeanPostProcessorChecker : Bean 'org.springframework.transaction.annotation.ProxyTransactionManagementConfiguration' of type [org.springframework.transaction.annotation.ProxyTransactionManagementConfiguration$$EnhancerBySpringCGLIB$$d7957afa] is not eligible for getting processed by all BeanPostProcessors (for example: not eligible for auto-proxying)
2019-07-10 13:21:16.595  INFO 27859 --- [           main] trationDelegate$BeanPostProcessorChecker : Bean 'org.springframework.cloud.autoconfigure.ConfigurationPropertiesRebinderAutoConfiguration' of type [org.springframework.cloud.autoconfigure.ConfigurationPropertiesRebinderAutoConfiguration$$EnhancerBySpringCGLIB$$f3af7df7] is not eligible for getting processed by all BeanPostProcessors (for example: not eligible for auto-proxying)
2019-07-10 13:21:19.051  INFO 27859 --- [           main] o.s.b.w.embedded.tomcat.TomcatWebServer  : Tomcat initialized with port(s): 0 (http)
2019-07-10 13:21:19.356  INFO 27859 --- [           main] o.apache.catalina.core.StandardService   : Starting service [Tomcat]
2019-07-10 13:21:19.356  INFO 27859 --- [           main] org.apache.catalina.core.StandardEngine  : Starting Servlet engine: [Apache Tomcat/9.0.21]
2019-07-10 13:21:20.374  INFO 27859 --- [           main] o.a.c.c.C.[Tomcat].[localhost].[/]       : Initializing Spring embedded WebApplicationContext
2019-07-10 13:21:20.374  INFO 27859 --- [           main] o.s.web.context.ContextLoader            : Root WebApplicationContext: initialization completed in 10634 ms
2019-07-10 13:21:22.519  INFO 27859 --- [           main] com.zaxxer.hikari.HikariDataSource       : HikariPool-1 - Starting...
2019-07-10 13:21:24.503  INFO 27859 --- [           main] com.zaxxer.hikari.HikariDataSource       : HikariPool-1 - Start completed.
2019-07-10 13:21:25.079  INFO 27859 --- [           main] o.hibernate.jpa.internal.util.LogHelper  : HHH000204: Processing PersistenceUnitInfo [
	name: default
	...]
2019-07-10 13:21:25.641  INFO 27859 --- [           main] org.hibernate.Version                    : HHH000412: Hibernate Core {5.3.10.Final}
2019-07-10 13:21:25.643  INFO 27859 --- [           main] org.hibernate.cfg.Environment            : HHH000206: hibernate.properties not found
2019-07-10 13:21:27.062  INFO 27859 --- [           main] o.hibernate.annotations.common.Version   : HCANN000001: Hibernate Commons Annotations {5.0.4.Final}
2019-07-10 13:21:28.519  INFO 27859 --- [           main] org.hibernate.dialect.Dialect            : HHH000400: Using dialect: org.hibernate.dialect.MySQL8Dialect
2019-07-10 13:21:34.450  INFO 27859 --- [           main] j.LocalContainerEntityManagerFactoryBean : Initialized JPA EntityManagerFactory for persistence unit 'default'
2019-07-10 13:21:40.261  WARN 27859 --- [           main] c.n.c.sources.URLConfigurationSource     : No URLs will be polled as dynamic configuration sources.
2019-07-10 13:21:40.291  INFO 27859 --- [           main] c.n.c.sources.URLConfigurationSource     : To enable URLs as dynamic configuration sources, define System property archaius.configurationSource.additionalUrls or make config.properties available on classpath.
2019-07-10 13:21:40.327  WARN 27859 --- [           main] c.n.c.sources.URLConfigurationSource     : No URLs will be polled as dynamic configuration sources.
2019-07-10 13:21:40.327  INFO 27859 --- [           main] c.n.c.sources.URLConfigurationSource     : To enable URLs as dynamic configuration sources, define System property archaius.configurationSource.additionalUrls or make config.properties available on classpath.
2019-07-10 13:21:42.062  INFO 27859 --- [           main] o.s.s.concurrent.ThreadPoolTaskExecutor  : Initializing ExecutorService 'applicationTaskExecutor'
2019-07-10 13:21:42.434  WARN 27859 --- [           main] aWebConfiguration$JpaWebMvcConfiguration : spring.jpa.open-in-view is enabled by default. Therefore, database queries may be performed during view rendering. Explicitly configure spring.jpa.open-in-view to disable this warning
2019-07-10 13:21:45.750  INFO 27859 --- [           main] com.netflix.discovery.DiscoveryClient    : Shutting down DiscoveryClient ...
2019-07-10 13:21:45.917  INFO 27859 --- [           main] com.netflix.discovery.DiscoveryClient    : Completed shut down of DiscoveryClient
2019-07-10 13:21:47.377  INFO 27859 --- [           main] o.s.b.w.embedded.tomcat.TomcatWebServer  : Tomcat started on port(s): 45927 (http) with context path ''
2019-07-10 13:21:47.381  INFO 27859 --- [           main] .s.c.n.e.s.EurekaAutoServiceRegistration : Updating port to 45927
2019-07-10 13:21:47.383  INFO 27859 --- [           main] o.s.c.n.eureka.InstanceInfoFactory       : Setting initial instance status as: STARTING
2019-07-10 13:21:47.449  INFO 27859 --- [           main] com.netflix.discovery.DiscoveryClient    : Initializing Eureka in region us-east-1
2019-07-10 13:21:47.481  INFO 27859 --- [           main] c.n.d.provider.DiscoveryJerseyProvider   : Using JSON encoding codec LegacyJacksonJson
2019-07-10 13:21:47.482  INFO 27859 --- [           main] c.n.d.provider.DiscoveryJerseyProvider   : Using JSON decoding codec LegacyJacksonJson
2019-07-10 13:21:47.483  INFO 27859 --- [           main] c.n.d.provider.DiscoveryJerseyProvider   : Using XML encoding codec XStreamXml
2019-07-10 13:21:47.483  INFO 27859 --- [           main] c.n.d.provider.DiscoveryJerseyProvider   : Using XML decoding codec XStreamXml
2019-07-10 13:21:48.050  INFO 27859 --- [           main] c.n.d.s.r.aws.ConfigClusterResolver      : Resolving eureka endpoints via configuration
2019-07-10 13:21:48.069  INFO 27859 --- [           main] com.netflix.discovery.DiscoveryClient    : Disable delta property : false
2019-07-10 13:21:48.069  INFO 27859 --- [           main] com.netflix.discovery.DiscoveryClient    : Single vip registry refresh property : null
2019-07-10 13:21:48.069  INFO 27859 --- [           main] com.netflix.discovery.DiscoveryClient    : Force full registry fetch : false
2019-07-10 13:21:48.069  INFO 27859 --- [           main] com.netflix.discovery.DiscoveryClient    : Application is null : false
2019-07-10 13:21:48.069  INFO 27859 --- [           main] com.netflix.discovery.DiscoveryClient    : Registered Applications size is zero : true
2019-07-10 13:21:48.069  INFO 27859 --- [           main] com.netflix.discovery.DiscoveryClient    : Application version is -1: true
2019-07-10 13:21:48.069  INFO 27859 --- [           main] com.netflix.discovery.DiscoveryClient    : Getting all instance registry info from the eureka server
2019-07-10 13:21:48.938  INFO 27859 --- [           main] com.netflix.discovery.DiscoveryClient    : The response status is 200
2019-07-10 13:21:48.957  INFO 27859 --- [           main] com.netflix.discovery.DiscoveryClient    : Starting heartbeat executor: renew interval is: 30
2019-07-10 13:21:48.974  INFO 27859 --- [           main] c.n.discovery.InstanceInfoReplicator     : InstanceInfoReplicator onDemand update allowed rate per min is 4
2019-07-10 13:21:48.982  INFO 27859 --- [           main] com.netflix.discovery.DiscoveryClient    : Discovery Client initialized at timestamp 1562764908982 with initial instances count: 3
2019-07-10 13:21:48.984  INFO 27859 --- [           main] o.s.c.n.e.s.EurekaServiceRegistry        : Registering application ACTIVITY with eureka with status UP
2019-07-10 13:21:48.985  INFO 27859 --- [           main] com.netflix.discovery.DiscoveryClient    : Saw local status change event StatusChangeEvent [timestamp=1562764908985, current=UP, previous=STARTING]
2019-07-10 13:21:48.998  INFO 27859 --- [           main] c.s.a.ActivityServiceApplication         : Started ActivityServiceApplication in 49.305 seconds (JVM running for 60.409)
2019-07-10 13:21:49.005  INFO 27859 --- [nfoReplicator-0] com.netflix.discovery.DiscoveryClient    : DiscoveryClient_ACTIVITY/activity:dcab70da6aa66330db505d67dd238014: registering service...
2019-07-10 13:21:49.966  INFO 27859 --- [nfoReplicator-0] com.netflix.discovery.DiscoveryClient    : DiscoveryClient_ACTIVITY/activity:dcab70da6aa66330db505d67dd238014 - registration status: 204
