WARNING: An illegal reflective access operation has occurred
WARNING: Illegal reflective access by com.google.inject.internal.cglib.core.$ReflectUtils$1 (file:/usr/share/maven/lib/guice.jar) to method java.lang.ClassLoader.defineClass(java.lang.String,byte[],int,int,java.security.ProtectionDomain)
WARNING: Please consider reporting this to the maintainers of com.google.inject.internal.cglib.core.$ReflectUtils$1
WARNING: Use --illegal-access=warn to enable warnings of further illegal reflective access operations
WARNING: All illegal access operations will be denied in a future release
[[1;34mINFO[m] Scanning for projects...
[[1;34mINFO[m] 
[[1;34mINFO[m] [1m------------------------< [0;36mcom.se:auth-service[0;1m >-------------------------[m
[[1;34mINFO[m] [1mBuilding auth-service 0.0.1-SNAPSHOT[m
[[1;34mINFO[m] [1m--------------------------------[ jar ]---------------------------------[m
[[1;34mINFO[m] 
[[1;34mINFO[m] [1m>>> [0;32mspring-boot-maven-plugin:2.1.6.RELEASE:run[m [1m(default-cli)[0;1m > [0;1mtest-compile[m @ [36mauth-service[0;1m >>>[m
[[1;34mINFO[m] 
[[1;34mINFO[m] [1m--- [0;32mjacoco-maven-plugin:0.8.4:prepare-agent[m [1m(default)[m @ [36mauth-service[0;1m ---[m
[[1;34mINFO[m] argLine set to -javaagent:/root/.m2/repository/org/jacoco/org.jacoco.agent/0.8.4/org.jacoco.agent-0.8.4-runtime.jar=destfile=/root/bamdb/SE231/auth-service/target/jacoco.exec
[[1;34mINFO[m] 
[[1;34mINFO[m] [1m--- [0;32mmaven-resources-plugin:3.1.0:resources[m [1m(default-resources)[m @ [36mauth-service[0;1m ---[m
[[1;34mINFO[m] Using 'UTF-8' encoding to copy filtered resources.
[[1;34mINFO[m] Copying 2 resources
[[1;34mINFO[m] Copying 3 resources
[[1;34mINFO[m] 
[[1;34mINFO[m] [1m--- [0;32mmaven-compiler-plugin:3.8.1:compile[m [1m(default-compile)[m @ [36mauth-service[0;1m ---[m
[[1;34mINFO[m] Changes detected - recompiling the module!
[[1;34mINFO[m] Compiling 30 source files to /root/bamdb/SE231/auth-service/target/classes
[[1;34mINFO[m] 
[[1;34mINFO[m] [1m--- [0;32mmaven-resources-plugin:3.1.0:testResources[m [1m(default-testResources)[m @ [36mauth-service[0;1m ---[m
[[1;34mINFO[m] Using 'UTF-8' encoding to copy filtered resources.
[[1;34mINFO[m] Copying 3 resources
[[1;34mINFO[m] 
[[1;34mINFO[m] [1m--- [0;32mmaven-compiler-plugin:3.8.1:testCompile[m [1m(default-testCompile)[m @ [36mauth-service[0;1m ---[m
[[1;34mINFO[m] Changes detected - recompiling the module!
[[1;34mINFO[m] Compiling 10 source files to /root/bamdb/SE231/auth-service/target/test-classes
[[1;34mINFO[m] 
[[1;34mINFO[m] [1m<<< [0;32mspring-boot-maven-plugin:2.1.6.RELEASE:run[m [1m(default-cli)[0;1m < [0;1mtest-compile[m @ [36mauth-service[0;1m <<<[m
[[1;34mINFO[m] 
[[1;34mINFO[m] 
[[1;34mINFO[m] [1m--- [0;32mspring-boot-maven-plugin:2.1.6.RELEASE:run[m [1m(default-cli)[m @ [36mauth-service[0;1m ---[m
2019-07-21 12:08:01.931  INFO 9467 --- [           main] trationDelegate$BeanPostProcessorChecker : Bean 'org.springframework.cloud.autoconfigure.ConfigurationPropertiesRebinderAutoConfiguration' of type [org.springframework.cloud.autoconfigure.ConfigurationPropertiesRebinderAutoConfiguration$$EnhancerBySpringCGLIB$$aab6f00b] is not eligible for getting processed by all BeanPostProcessors (for example: not eligible for auto-proxying)
2019-07-21 12:08:02.108  INFO 9467 --- [           main] o.s.c.n.eureka.InstanceInfoFactory       : Setting initial instance status as: STARTING
2019-07-21 12:08:02.187  INFO 9467 --- [           main] com.netflix.discovery.DiscoveryClient    : Initializing Eureka in region us-east-1
2019-07-21 12:08:02.483  INFO 9467 --- [           main] c.n.d.provider.DiscoveryJerseyProvider   : Using JSON encoding codec LegacyJacksonJson
2019-07-21 12:08:02.485  INFO 9467 --- [           main] c.n.d.provider.DiscoveryJerseyProvider   : Using JSON decoding codec LegacyJacksonJson
2019-07-21 12:08:02.691  INFO 9467 --- [           main] c.n.d.provider.DiscoveryJerseyProvider   : Using XML encoding codec XStreamXml
2019-07-21 12:08:02.691  INFO 9467 --- [           main] c.n.d.provider.DiscoveryJerseyProvider   : Using XML decoding codec XStreamXml
2019-07-21 12:08:02.884  INFO 9467 --- [           main] c.n.d.s.r.aws.ConfigClusterResolver      : Resolving eureka endpoints via configuration
2019-07-21 12:08:02.912  INFO 9467 --- [           main] com.netflix.discovery.DiscoveryClient    : Disable delta property : false
2019-07-21 12:08:02.912  INFO 9467 --- [           main] com.netflix.discovery.DiscoveryClient    : Single vip registry refresh property : null
2019-07-21 12:08:02.912  INFO 9467 --- [           main] com.netflix.discovery.DiscoveryClient    : Force full registry fetch : false
2019-07-21 12:08:02.912  INFO 9467 --- [           main] com.netflix.discovery.DiscoveryClient    : Application is null : false
2019-07-21 12:08:02.913  INFO 9467 --- [           main] com.netflix.discovery.DiscoveryClient    : Registered Applications size is zero : true
2019-07-21 12:08:02.913  INFO 9467 --- [           main] com.netflix.discovery.DiscoveryClient    : Application version is -1: true
2019-07-21 12:08:02.913  INFO 9467 --- [           main] com.netflix.discovery.DiscoveryClient    : Getting all instance registry info from the eureka server
2019-07-21 12:08:03.264  INFO 9467 --- [           main] com.netflix.discovery.DiscoveryClient    : The response status is 200
2019-07-21 12:08:03.270  INFO 9467 --- [           main] com.netflix.discovery.DiscoveryClient    : Not registering with Eureka server per configuration
2019-07-21 12:08:03.275  INFO 9467 --- [           main] com.netflix.discovery.DiscoveryClient    : Discovery Client initialized at timestamp 1563682083273 with initial instances count: 28
2019-07-21 12:08:03.321  INFO 9467 --- [           main] o.s.c.n.e.s.EurekaServiceRegistry        : Registering application UNKNOWN with eureka with status UP

  .   ____          _            __ _ _
 /\\ / ___'_ __ _ _(_)_ __  __ _ \ \ \ \
( ( )\___ | '_ | '_| | '_ \/ _` | \ \ \ \
 \\/  ___)| |_)| | | | | || (_| |  ) ) ) )
  '  |____| .__|_| |_|_| |_\__, | / / / /
 =========|_|==============|___/=/_/_/_/
 :: Spring Boot ::        (v2.1.6.RELEASE)

2019-07-21 12:08:03.413  INFO 9467 --- [           main] c.c.c.ConfigServicePropertySourceLocator : Multiple Config Server Urls found listed.
2019-07-21 12:08:03.414  INFO 9467 --- [           main] c.c.c.ConfigServicePropertySourceLocator : Fetching config from server at : http://bamdb2:8888/
2019-07-21 12:08:03.526  INFO 9467 --- [           main] c.c.c.ConfigServicePropertySourceLocator : Located environment: name=auth, redis, uniconfig, profiles=[aliyun1], label=null, version=null, state=null
2019-07-21 12:08:03.527  INFO 9467 --- [           main] b.c.PropertySourceBootstrapConfiguration : Located property source: CompositePropertySource {name='configService', propertySources=[MapPropertySource {name='classpath:/config/uniconfig.yml'}, MapPropertySource {name='classpath:/config/redis.yml'}, MapPropertySource {name='classpath:/config/auth.yml'}]}
2019-07-21 12:08:03.535  INFO 9467 --- [           main] c.se.authservice.AuthServiceApplication  : The following profiles are active: aliyun1
2019-07-21 12:08:04.668  INFO 9467 --- [           main] .s.d.r.c.RepositoryConfigurationDelegate : Multiple Spring Data modules found, entering strict repository configuration mode!
2019-07-21 12:08:04.670  INFO 9467 --- [           main] .s.d.r.c.RepositoryConfigurationDelegate : Bootstrapping Spring Data repositories in DEFAULT mode.
2019-07-21 12:08:04.894  INFO 9467 --- [           main] .s.d.r.c.RepositoryConfigurationDelegate : Finished Spring Data repository scanning in 214ms. Found 3 repository interfaces.
2019-07-21 12:08:04.912  INFO 9467 --- [           main] .s.d.r.c.RepositoryConfigurationDelegate : Multiple Spring Data modules found, entering strict repository configuration mode!
2019-07-21 12:08:04.914  INFO 9467 --- [           main] .s.d.r.c.RepositoryConfigurationDelegate : Bootstrapping Spring Data repositories in DEFAULT mode.
2019-07-21 12:08:04.940  INFO 9467 --- [           main] .RepositoryConfigurationExtensionSupport : Spring Data Redis - Could not safely identify store assignment for repository candidate interface com.se.authservice.repository.AuthorityRepository.
2019-07-21 12:08:04.941  INFO 9467 --- [           main] .RepositoryConfigurationExtensionSupport : Spring Data Redis - Could not safely identify store assignment for repository candidate interface com.se.authservice.repository.RoleRepository.
2019-07-21 12:08:04.941  INFO 9467 --- [           main] .RepositoryConfigurationExtensionSupport : Spring Data Redis - Could not safely identify store assignment for repository candidate interface com.se.authservice.repository.UserRepository.
2019-07-21 12:08:04.942  INFO 9467 --- [           main] .s.d.r.c.RepositoryConfigurationDelegate : Finished Spring Data repository scanning in 14ms. Found 0 repository interfaces.
2019-07-21 12:08:05.060  WARN 9467 --- [           main] o.s.boot.actuate.endpoint.EndpointId     : Endpoint ID 'service-registry' contains invalid characters, please migrate to a valid format.
2019-07-21 12:08:05.424  INFO 9467 --- [           main] o.s.cloud.context.scope.GenericScope     : BeanFactory id=d1f6a01a-c817-3dcb-9ca7-76c907aba7f3
2019-07-21 12:08:05.619  INFO 9467 --- [           main] trationDelegate$BeanPostProcessorChecker : Bean 'org.springframework.transaction.annotation.ProxyTransactionManagementConfiguration' of type [org.springframework.transaction.annotation.ProxyTransactionManagementConfiguration$$EnhancerBySpringCGLIB$$8e9ced0e] is not eligible for getting processed by all BeanPostProcessors (for example: not eligible for auto-proxying)
2019-07-21 12:08:05.830  INFO 9467 --- [           main] trationDelegate$BeanPostProcessorChecker : Bean 'org.springframework.security.config.annotation.configuration.ObjectPostProcessorConfiguration' of type [org.springframework.security.config.annotation.configuration.ObjectPostProcessorConfiguration$$EnhancerBySpringCGLIB$$274ab548] is not eligible for getting processed by all BeanPostProcessors (for example: not eligible for auto-proxying)
2019-07-21 12:08:05.838  INFO 9467 --- [           main] trationDelegate$BeanPostProcessorChecker : Bean 'objectPostProcessor' of type [org.springframework.security.config.annotation.configuration.AutowireBeanFactoryObjectPostProcessor] is not eligible for getting processed by all BeanPostProcessors (for example: not eligible for auto-proxying)
2019-07-21 12:08:05.843  INFO 9467 --- [           main] trationDelegate$BeanPostProcessorChecker : Bean 'org.springframework.security.access.expression.method.DefaultMethodSecurityExpressionHandler@568db176' of type [org.springframework.security.oauth2.provider.expression.OAuth2MethodSecurityExpressionHandler] is not eligible for getting processed by all BeanPostProcessors (for example: not eligible for auto-proxying)
2019-07-21 12:08:05.848  INFO 9467 --- [           main] trationDelegate$BeanPostProcessorChecker : Bean 'methodSecurityConfig' of type [com.se.authservice.config.MethodSecurityConfig$$EnhancerBySpringCGLIB$$47b43712] is not eligible for getting processed by all BeanPostProcessors (for example: not eligible for auto-proxying)
2019-07-21 12:08:05.856  INFO 9467 --- [           main] trationDelegate$BeanPostProcessorChecker : Bean 'methodSecurityMetadataSource' of type [org.springframework.security.access.method.DelegatingMethodSecurityMetadataSource] is not eligible for getting processed by all BeanPostProcessors (for example: not eligible for auto-proxying)
2019-07-21 12:08:05.879  INFO 9467 --- [           main] trationDelegate$BeanPostProcessorChecker : Bean 'org.springframework.cloud.autoconfigure.ConfigurationPropertiesRebinderAutoConfiguration' of type [org.springframework.cloud.autoconfigure.ConfigurationPropertiesRebinderAutoConfiguration$$EnhancerBySpringCGLIB$$aab6f00b] is not eligible for getting processed by all BeanPostProcessors (for example: not eligible for auto-proxying)
2019-07-21 12:08:06.257  INFO 9467 --- [           main] o.s.b.w.embedded.tomcat.TomcatWebServer  : Tomcat initialized with port(s): 5000 (http)
2019-07-21 12:08:06.301  INFO 9467 --- [           main] o.apache.catalina.core.StandardService   : Starting service [Tomcat]
2019-07-21 12:08:06.301  INFO 9467 --- [           main] org.apache.catalina.core.StandardEngine  : Starting Servlet engine: [Apache Tomcat/9.0.21]
2019-07-21 12:08:06.413  INFO 9467 --- [           main] o.a.c.c.C.[Tomcat].[localhost].[/]       : Initializing Spring embedded WebApplicationContext
2019-07-21 12:08:06.413  INFO 9467 --- [           main] o.s.web.context.ContextLoader            : Root WebApplicationContext: initialization completed in 2852 ms
2019-07-21 12:08:06.581  WARN 9467 --- [           main] c.n.c.sources.URLConfigurationSource     : No URLs will be polled as dynamic configuration sources.
2019-07-21 12:08:06.581  INFO 9467 --- [           main] c.n.c.sources.URLConfigurationSource     : To enable URLs as dynamic configuration sources, define System property archaius.configurationSource.additionalUrls or make config.properties available on classpath.
2019-07-21 12:08:06.601  INFO 9467 --- [           main] c.netflix.config.DynamicPropertyFactory  : DynamicPropertyFactory is initialized with configuration sources: com.netflix.config.ConcurrentCompositeConfiguration@b97aa37
2019-07-21 12:08:07.958  INFO 9467 --- [           main] com.zaxxer.hikari.HikariDataSource       : HikariPool-1 - Starting...
2019-07-21 12:08:08.206  INFO 9467 --- [           main] com.zaxxer.hikari.HikariDataSource       : HikariPool-1 - Start completed.
2019-07-21 12:08:08.289  INFO 9467 --- [           main] o.hibernate.jpa.internal.util.LogHelper  : HHH000204: Processing PersistenceUnitInfo [
	name: default
	...]
2019-07-21 12:08:08.392  INFO 9467 --- [           main] org.hibernate.Version                    : HHH000412: Hibernate Core {5.3.10.Final}
2019-07-21 12:08:08.394  INFO 9467 --- [           main] org.hibernate.cfg.Environment            : HHH000206: hibernate.properties not found
2019-07-21 12:08:08.595  INFO 9467 --- [           main] o.hibernate.annotations.common.Version   : HCANN000001: Hibernate Commons Annotations {5.0.4.Final}
2019-07-21 12:08:08.803  INFO 9467 --- [           main] org.hibernate.dialect.Dialect            : HHH000400: Using dialect: org.hibernate.dialect.MySQL8Dialect
2019-07-21 12:08:09.840  INFO 9467 --- [           main] j.LocalContainerEntityManagerFactoryBean : Initialized JPA EntityManagerFactory for persistence unit 'default'
2019-07-21 12:08:10.628  WARN 9467 --- [           main] o.s.s.o.p.t.s.JwtAccessTokenConverter    : Unable to create an RSA verifier from verifierKey (ignoreable if using MAC)
2019-07-21 12:08:11.893  INFO 9467 --- [           main] o.s.s.web.DefaultSecurityFilterChain     : Creating filter chain: OrRequestMatcher [requestMatchers=[Ant [pattern='/oauth/token'], Ant [pattern='/oauth/token_key'], Ant [pattern='/oauth/check_token']]], [org.springframework.security.web.context.request.async.WebAsyncManagerIntegrationFilter@4c45a173, org.springframework.security.web.context.SecurityContextPersistenceFilter@b9c790f, org.springframework.security.web.header.HeaderWriterFilter@72f08956, org.springframework.security.web.authentication.logout.LogoutFilter@603ea711, org.springframework.security.oauth2.provider.client.ClientCredentialsTokenEndpointFilter@230f383, org.springframework.security.web.authentication.www.BasicAuthenticationFilter@6da50293, org.springframework.security.web.savedrequest.RequestCacheAwareFilter@6b590362, org.springframework.security.web.servletapi.SecurityContextHolderAwareRequestFilter@e1b1135, org.springframework.security.web.authentication.AnonymousAuthenticationFilter@5e458a63, org.springframework.security.web.session.SessionManagementFilter@1ee9b8, org.springframework.security.web.access.ExceptionTranslationFilter@2cb62c8a, org.springframework.security.web.access.intercept.FilterSecurityInterceptor@514c36fe]
2019-07-21 12:08:11.906  INFO 9467 --- [           main] o.s.s.web.DefaultSecurityFilterChain     : Creating filter chain: org.springframework.security.oauth2.config.annotation.web.configuration.ResourceServerConfiguration$NotOAuthRequestMatcher@36bc6530, [org.springframework.security.web.context.request.async.WebAsyncManagerIntegrationFilter@664ea3dd, org.springframework.security.web.context.SecurityContextPersistenceFilter@2c56894d, org.springframework.security.web.header.HeaderWriterFilter@3213938d, org.springframework.security.web.authentication.logout.LogoutFilter@14abb3c3, org.springframework.security.oauth2.provider.authentication.OAuth2AuthenticationProcessingFilter@39cfb35e, org.springframework.security.web.savedrequest.RequestCacheAwareFilter@35766f74, org.springframework.security.web.servletapi.SecurityContextHolderAwareRequestFilter@1b570dac, org.springframework.security.web.authentication.AnonymousAuthenticationFilter@5cbbd290, org.springframework.security.web.session.SessionManagementFilter@741164b, org.springframework.security.web.access.ExceptionTranslationFilter@492a0279, org.springframework.security.web.access.intercept.FilterSecurityInterceptor@2a324ca9]
2019-07-21 12:08:11.913  INFO 9467 --- [           main] o.s.s.web.DefaultSecurityFilterChain     : Creating filter chain: any request, [org.springframework.security.web.context.request.async.WebAsyncManagerIntegrationFilter@7c41a9e3, org.springframework.security.web.context.SecurityContextPersistenceFilter@216ecfb2, org.springframework.security.web.header.HeaderWriterFilter@6b1e5c79, org.springframework.security.web.authentication.logout.LogoutFilter@1371a20e, org.springframework.security.web.authentication.UsernamePasswordAuthenticationFilter@44b5ec8d, org.springframework.security.web.savedrequest.RequestCacheAwareFilter@228359e9, org.springframework.security.web.servletapi.SecurityContextHolderAwareRequestFilter@3be72454, org.springframework.security.web.authentication.AnonymousAuthenticationFilter@7e86e7bb, org.springframework.security.web.session.SessionManagementFilter@1f06f719, org.springframework.security.web.access.ExceptionTranslationFilter@760ebc1a]
2019-07-21 12:08:11.932  WARN 9467 --- [           main] c.n.c.sources.URLConfigurationSource     : No URLs will be polled as dynamic configuration sources.
2019-07-21 12:08:11.932  INFO 9467 --- [           main] c.n.c.sources.URLConfigurationSource     : To enable URLs as dynamic configuration sources, define System property archaius.configurationSource.additionalUrls or make config.properties available on classpath.
2019-07-21 12:08:12.186  INFO 9467 --- [           main] o.s.s.concurrent.ThreadPoolTaskExecutor  : Initializing ExecutorService 'applicationTaskExecutor'
2019-07-21 12:08:12.239  WARN 9467 --- [           main] aWebConfiguration$JpaWebMvcConfiguration : spring.jpa.open-in-view is enabled by default. Therefore, database queries may be performed during view rendering. Explicitly configure spring.jpa.open-in-view to disable this warning
2019-07-21 12:08:12.922  INFO 9467 --- [           main] o.s.b.a.e.web.EndpointLinksResolver      : Exposing 19 endpoint(s) beneath base path '/actuator'
2019-07-21 12:08:13.115  INFO 9467 --- [           main] com.netflix.discovery.DiscoveryClient    : Shutting down DiscoveryClient ...
2019-07-21 12:08:13.126  INFO 9467 --- [           main] com.netflix.discovery.DiscoveryClient    : Completed shut down of DiscoveryClient
2019-07-21 12:08:13.230  INFO 9467 --- [           main] o.s.c.n.eureka.InstanceInfoFactory       : Setting initial instance status as: STARTING
2019-07-21 12:08:13.236  INFO 9467 --- [           main] com.netflix.discovery.DiscoveryClient    : Initializing Eureka in region us-east-1
2019-07-21 12:08:13.238  INFO 9467 --- [           main] c.n.d.provider.DiscoveryJerseyProvider   : Using JSON encoding codec LegacyJacksonJson
2019-07-21 12:08:13.238  INFO 9467 --- [           main] c.n.d.provider.DiscoveryJerseyProvider   : Using JSON decoding codec LegacyJacksonJson
2019-07-21 12:08:13.239  INFO 9467 --- [           main] c.n.d.provider.DiscoveryJerseyProvider   : Using XML encoding codec XStreamXml
2019-07-21 12:08:13.239  INFO 9467 --- [           main] c.n.d.provider.DiscoveryJerseyProvider   : Using XML decoding codec XStreamXml
2019-07-21 12:08:13.295  INFO 9467 --- [           main] c.n.d.s.r.aws.ConfigClusterResolver      : Resolving eureka endpoints via configuration
2019-07-21 12:08:13.297  INFO 9467 --- [           main] com.netflix.discovery.DiscoveryClient    : Disable delta property : false
2019-07-21 12:08:13.298  INFO 9467 --- [           main] com.netflix.discovery.DiscoveryClient    : Single vip registry refresh property : null
2019-07-21 12:08:13.298  INFO 9467 --- [           main] com.netflix.discovery.DiscoveryClient    : Force full registry fetch : false
2019-07-21 12:08:13.298  INFO 9467 --- [           main] com.netflix.discovery.DiscoveryClient    : Application is null : false
2019-07-21 12:08:13.298  INFO 9467 --- [           main] com.netflix.discovery.DiscoveryClient    : Registered Applications size is zero : true
2019-07-21 12:08:13.298  INFO 9467 --- [           main] com.netflix.discovery.DiscoveryClient    : Application version is -1: true
2019-07-21 12:08:13.298  INFO 9467 --- [           main] com.netflix.discovery.DiscoveryClient    : Getting all instance registry info from the eureka server
2019-07-21 12:08:13.417  INFO 9467 --- [           main] com.netflix.discovery.DiscoveryClient    : The response status is 200
2019-07-21 12:08:13.418  INFO 9467 --- [           main] com.netflix.discovery.DiscoveryClient    : Starting heartbeat executor: renew interval is: 60
2019-07-21 12:08:13.422  INFO 9467 --- [           main] c.n.discovery.InstanceInfoReplicator     : InstanceInfoReplicator onDemand update allowed rate per min is 4
2019-07-21 12:08:13.423  INFO 9467 --- [           main] com.netflix.discovery.DiscoveryClient    : Discovery Client initialized at timestamp 1563682093423 with initial instances count: 28
2019-07-21 12:08:13.429  INFO 9467 --- [           main] o.s.c.n.e.s.EurekaServiceRegistry        : Registering application AUTH with eureka with status UP
2019-07-21 12:08:13.430  INFO 9467 --- [           main] com.netflix.discovery.DiscoveryClient    : Saw local status change event StatusChangeEvent [timestamp=1563682093430, current=UP, previous=STARTING]
2019-07-21 12:08:13.433  INFO 9467 --- [nfoReplicator-0] com.netflix.discovery.DiscoveryClient    : DiscoveryClient_AUTH/auth:d91c28b18fad2c1bbd27999580a7b75a: registering service...
2019-07-21 12:08:13.500  INFO 9467 --- [           main] o.s.b.w.embedded.tomcat.TomcatWebServer  : Tomcat started on port(s): 5000 (http) with context path ''
2019-07-21 12:08:13.501  INFO 9467 --- [           main] .s.c.n.e.s.EurekaAutoServiceRegistration : Updating port to 5000
2019-07-21 12:08:13.502  INFO 9467 --- [           main] .s.c.n.e.s.EurekaAutoServiceRegistration : Updating port to 5000
2019-07-21 12:08:13.510  INFO 9467 --- [           main] c.se.authservice.AuthServiceApplication  : Started AuthServiceApplication in 12.666 seconds (JVM running for 20.045)
2019-07-21 12:08:13.568  INFO 9467 --- [nfoReplicator-0] com.netflix.discovery.DiscoveryClient    : DiscoveryClient_AUTH/auth:d91c28b18fad2c1bbd27999580a7b75a - registration status: 204
2019-07-21 12:11:40.345  INFO 9467 --- [nio-5000-exec-2] o.a.c.c.C.[Tomcat].[localhost].[/]       : Initializing Spring DispatcherServlet 'dispatcherServlet'
2019-07-21 12:11:40.345  INFO 9467 --- [nio-5000-exec-2] o.s.web.servlet.DispatcherServlet        : Initializing Servlet 'dispatcherServlet'
2019-07-21 12:11:40.360  INFO 9467 --- [nio-5000-exec-2] o.s.web.servlet.DispatcherServlet        : Completed initialization in 15 ms
2019-07-21 12:11:40.617  WARN 9467 --- [nio-5000-exec-2] com.zaxxer.hikari.pool.PoolBase          : HikariPool-1 - Failed to validate connection com.mysql.cj.jdbc.ConnectionImpl@1fc56ba7 (No operations allowed after connection closed.). Possibly consider using a shorter maxLifetime value.
2019-07-21 12:11:40.625  WARN 9467 --- [nio-5000-exec-2] com.zaxxer.hikari.pool.PoolBase          : HikariPool-1 - Failed to validate connection com.mysql.cj.jdbc.ConnectionImpl@276c6bd (No operations allowed after connection closed.). Possibly consider using a shorter maxLifetime value.
2019-07-21 12:11:40.629  WARN 9467 --- [nio-5000-exec-2] com.zaxxer.hikari.pool.PoolBase          : HikariPool-1 - Failed to validate connection com.mysql.cj.jdbc.ConnectionImpl@36da1d07 (No operations allowed after connection closed.). Possibly consider using a shorter maxLifetime value.
2019-07-21 12:11:40.634  WARN 9467 --- [nio-5000-exec-2] com.zaxxer.hikari.pool.PoolBase          : HikariPool-1 - Failed to validate connection com.mysql.cj.jdbc.ConnectionImpl@39e48988 (No operations allowed after connection closed.). Possibly consider using a shorter maxLifetime value.
2019-07-21 12:11:40.636  WARN 9467 --- [nio-5000-exec-2] com.zaxxer.hikari.pool.PoolBase          : HikariPool-1 - Failed to validate connection com.mysql.cj.jdbc.ConnectionImpl@5951bf96 (No operations allowed after connection closed.). Possibly consider using a shorter maxLifetime value.
2019-07-21 12:11:40.638  WARN 9467 --- [nio-5000-exec-2] com.zaxxer.hikari.pool.PoolBase          : HikariPool-1 - Failed to validate connection com.mysql.cj.jdbc.ConnectionImpl@6d26c92f (No operations allowed after connection closed.). Possibly consider using a shorter maxLifetime value.
2019-07-21 12:11:40.642  WARN 9467 --- [nio-5000-exec-2] com.zaxxer.hikari.pool.PoolBase          : HikariPool-1 - Failed to validate connection com.mysql.cj.jdbc.ConnectionImpl@b72c3a9 (No operations allowed after connection closed.). Possibly consider using a shorter maxLifetime value.
2019-07-21 12:11:40.646  WARN 9467 --- [nio-5000-exec-2] com.zaxxer.hikari.pool.PoolBase          : HikariPool-1 - Failed to validate connection com.mysql.cj.jdbc.ConnectionImpl@1647b386 (No operations allowed after connection closed.). Possibly consider using a shorter maxLifetime value.
2019-07-21 12:11:40.648  WARN 9467 --- [nio-5000-exec-2] com.zaxxer.hikari.pool.PoolBase          : HikariPool-1 - Failed to validate connection com.mysql.cj.jdbc.ConnectionImpl@42be13d7 (No operations allowed after connection closed.). Possibly consider using a shorter maxLifetime value.
2019-07-21 12:11:40.652  WARN 9467 --- [nio-5000-exec-2] com.zaxxer.hikari.pool.PoolBase          : HikariPool-1 - Failed to validate connection com.mysql.cj.jdbc.ConnectionImpl@190ac51e (No operations allowed after connection closed.). Possibly consider using a shorter maxLifetime value.
2019-07-21 12:11:40.882  INFO 9467 --- [nio-5000-exec-2] io.lettuce.core.EpollProvider            : Starting without optional epoll library
2019-07-21 12:11:40.883  INFO 9467 --- [nio-5000-exec-2] io.lettuce.core.KqueueProvider           : Starting without optional kqueue library
2019-07-21 12:13:13.299  INFO 9467 --- [trap-executor-0] c.n.d.s.r.aws.ConfigClusterResolver      : Resolving eureka endpoints via configuration
2019-07-21 12:18:13.299  INFO 9467 --- [trap-executor-0] c.n.d.s.r.aws.ConfigClusterResolver      : Resolving eureka endpoints via configuration
2019-07-21 12:23:13.300  INFO 9467 --- [trap-executor-0] c.n.d.s.r.aws.ConfigClusterResolver      : Resolving eureka endpoints via configuration
2019-07-21 12:24:38.596  INFO 9467 --- [       Thread-6] o.s.c.n.e.s.EurekaServiceRegistry        : Unregistering application AUTH with eureka with status DOWN
2019-07-21 12:24:38.597  WARN 9467 --- [       Thread-6] com.netflix.discovery.DiscoveryClient    : Saw local status change event StatusChangeEvent [timestamp=1563683078597, current=DOWN, previous=UP]
2019-07-21 12:24:38.598  INFO 9467 --- [nfoReplicator-0] com.netflix.discovery.DiscoveryClient    : DiscoveryClient_AUTH/auth:d91c28b18fad2c1bbd27999580a7b75a: registering service...
2019-07-21 12:24:38.608  INFO 9467 --- [       Thread-6] o.s.s.concurrent.ThreadPoolTaskExecutor  : Shutting down ExecutorService 'applicationTaskExecutor'
2019-07-21 12:24:38.627  INFO 9467 --- [       Thread-6] j.LocalContainerEntityManagerFactoryBean : Closing JPA EntityManagerFactory for persistence unit 'default'
2019-07-21 12:24:38.696  INFO 9467 --- [nfoReplicator-0] com.netflix.discovery.DiscoveryClient    : DiscoveryClient_AUTH/auth:d91c28b18fad2c1bbd27999580a7b75a - registration status: 204
2019-07-21 12:24:39.749  INFO 9467 --- [       Thread-6] com.zaxxer.hikari.HikariDataSource       : HikariPool-1 - Shutdown initiated...
2019-07-21 12:24:39.757  INFO 9467 --- [       Thread-6] com.zaxxer.hikari.HikariDataSource       : HikariPool-1 - Shutdown completed.
2019-07-21 12:24:39.760  INFO 9467 --- [       Thread-6] com.netflix.discovery.DiscoveryClient    : Shutting down DiscoveryClient ...
2019-07-21 12:24:42.761  INFO 9467 --- [       Thread-6] com.netflix.discovery.DiscoveryClient    : Unregistering ...
2019-07-21 12:24:42.859  INFO 9467 --- [       Thread-6] com.netflix.discovery.DiscoveryClient    : DiscoveryClient_AUTH/auth:d91c28b18fad2c1bbd27999580a7b75a - deregister  status: 200
2019-07-21 12:24:42.867  INFO 9467 --- [       Thread-6] com.netflix.discovery.DiscoveryClient    : Completed shut down of DiscoveryClient
[[1;34mINFO[m] [1m------------------------------------------------------------------------[m
[[1;34mINFO[m] [1;32mBUILD SUCCESS[m
[[1;34mINFO[m] [1m------------------------------------------------------------------------[m
[[1;34mINFO[m] Total time:  16:47 min
[[1;34mINFO[m] Finished at: 2019-07-21T12:24:42+08:00
[[1;34mINFO[m] [1m------------------------------------------------------------------------[m
